2021-10-20 11:28:20 - Array
(
    [task] => full
    [comment] => Полное обновление
)

2021-10-20 11:30:29 - 
2021-10-20 12:05:04 - 
2021-10-20 12:05:33 - 
2021-10-20 13:22:59 - 474
2021-10-20 13:54:30 - 475
2021-10-20 14:53:25 - 476
2021-10-21 11:14:52 - 477
2021-10-21 14:27:16 - 478
2021-10-22 11:10:28 - 479
2021-10-23 11:34:41 - 480
2021-10-23 14:57:34 - 481
2021-10-25 11:21:29 - 482
2021-10-25 13:01:09 - 483
2021-10-26 11:20:50 - 484
2021-10-26 12:19:43 - 485
2021-10-26 12:30:39 - 486
2021-10-27 11:12:44 - 490
2021-10-27 15:14:44 - 492
2021-10-27 17:52:48 - 493
2021-10-28 11:29:43 - 494
2021-10-29 10:17:52 - 496
2021-10-29 11:10:28 - 498
2021-11-01 10:53:33 - 499
2021-11-02 10:46:35 - 505
2021-11-03 11:36:07 - 510
2021-11-04 10:56:38 - 512
2021-11-05 10:56:33 - 514
2021-11-08 11:24:12 - 515
2021-11-09 10:43:01 - 516
2021-11-09 13:38:45 - 517
2021-11-10 15:33:23 - 518
2021-11-10 15:42:04 - 519
2021-11-11 10:23:20 - 520
2021-11-11 10:23:42 - 521
2021-11-12 15:14:51 - 524
2021-11-12 15:15:43 - 525
2021-11-15 10:57:39 - 526
2021-11-15 12:04:57 - 527
2021-11-16 10:55:14 - 529
2021-11-17 10:55:00 - 531
2021-11-18 11:12:25 - 532
2021-11-19 10:56:29 - 534
2021-11-19 15:05:05 - 536
2021-11-19 16:46:49 - 538
2021-11-22 11:02:56 - 539
2021-11-23 10:50:17 - 540
2021-11-24 11:18:14 - 544
2021-11-25 11:52:17 - 546
2021-11-25 13:05:07 - 547
2021-11-25 13:39:01 - 548
2021-11-25 13:47:24 - 549
2021-11-26 10:58:59 - 550
2021-11-26 15:31:11 - 553
2021-11-29 11:01:06 - 554
2021-11-29 15:00:14 - 555
2021-11-30 10:53:53 - 556
2021-12-01 10:57:44 - 559
