30181
Array
30181
Array
(
    [absnum] => 78958
    [alias] => ruchka-sharikovaya-uni-lakubo-78958-78958
    [axapta_code] => PEN-UNI-SG100-05-B
    [axapta_article] => 057430
    [axapta_alias] => SG-100.(05).Black_STATIONERY
    [price] => 36.00
    [special] => 0
    [avail] => 0
    [asort] => 1
    [status] => 1
    [delivery_days] => 0
    [extavail] => 1
    [extdlvdays] => 0
    [name_ru] => Ручка масляная UNI LAKUBO 0.5 мм черная (SG-100.(05).Black)
    [description_ru] => 
    [meta_title_ru] => 
    [meta_h1_ru] => 
    [meta_keywords_ru] => 
    [meta_description_ru] => 
    [ax_description_ru] => <h2>{title} описание</h2>Шариковая ручка "рабочая лошадка",  которая должна быть в арсенале каждого студента, школьника и офисного  сотрудника. Ваша рука не устанет даже при длительном письме, благодаря  эргономичному резиновому грипу удлинённой формы, который обеспечит  максимальное удобство и комфорт. Формула чернил оптимальной вязкости  позволяет ручкам Lakubo гладко писать по бумаге, не царапая её.  Излишнее вытекание чернил и образование клякс исключается!<br>Lakubo  broad прекрасно подойдёт для тех, кто предпочитает жирное письмо без  излишнего нажатия. Толщина линии письма точно соответствует заявленной  производителем 0,25 мм, а чернила сменных стержней точно совпадают по  цвету с оригинальным цветом письма ручки. Прозрачный пластиковый  корпус. Цвет колпачка и грипа соответствует цвету чернил. Безопасный  колпачок.<br><p>С <span style="font-weight: bold;">UNI</span> Lakubo broad Вы можете быть уверены в своём выборе на 100%!</p><p><span style="font-weight: bold; font-style: italic;">Основные особенности:</span></p><ul><li>чернила на масляной основе</li><li>прозрачный пластиковый корпус</li><li>цвет клипа и грипа соответствует цвету чернил</li><li>удлиненный эргономичный резиновый грипп</li><li>пластиковый клип</li><li>безопасный колпачок</li><li>диаметр шарика: 0.5 мм</li><li>толщина линии: 0.25 мм</li></ul><span style="color: rgb(51, 51, 51); font-family: &quot;Helvetica Neue&quot;,Helvetica,Arial,sans-serif; font-size: 14px; font-style: normal; font-weight: 400; letter-spacing: normal; orphans: 2; text-align: start; text-indent: 0px; text-transform: none; white-space: normal; widows: 2; word-spacing: 0px; background-color: rgb(255, 255, 255); display: inline ! important; float: none;"></span>
    [name_ua] => Ручка масляна UNI LAKUBO 0.5 мм чорна (SG-100.(05).Black)
    [description_ua] => 
    [meta_title_ua] => 
    [meta_h1_ua] => 
    [meta_keywords_ua] => 
    [meta_description_ua] => 
    [ax_description_ua] => <h2>{title} опис</h2>Кулькова ручка "робоча конячка", яка повинна  бути в арсеналі кожного студента, школяра і офісного співробітника.  Ваша рука не втомиться навіть при тривалому листі, завдяки  ергономічному гумовому грипу подовженої форми, який забезпечить  максимальну зручність та комфорт. Формула чорнила оптимальної в'язкості  дозволяє ручкам Lakubo гладко писати по папері, не дряпаючи її. Зайве  витікання чорнила і освіту плям виключається!<br>Lakubo broad прекрасно  підійде для тих, хто вважає за краще жирне лист без зайвого натискання.  Товщина лінії письма точно відповідає заявленій виробником 0,25 мм, а  чорнило змінних стрижнів точно збігаються за кольором з оригінальним  кольором листи ручки. Прозорий пластиковий корпус. Колір ковпачка і  грипа відповідає кольору чорнила. Безпечний ковпачок.<br><p>З <span style="font-weight: bold;">UNI </span>Lakubo broad Ви можете бути впевнені в своєму виборі на 100%!</p><p><span style="font-weight: bold; font-style: italic;">Основні особливості:</span></p><ul><li>чорнило на масляній основі</li><li>прозорий пластиковий корпус</li><li>колір кліпу і грипа відповідає кольору чорнила</li><li>подовжений ергономічний гумовий грип</li><li>пластиковий кліп</li><li>безпечний ковпачок</li><li>діаметр кульки: 0.5 мм</li><li>товщина лінії: 0,25 мм</li></ul>
    [name_en] => Ручка масляная UNI LAKUBO 0.5 мм черная (SG-100.(05).Black)
    [description_en] => 
    [meta_title_en] => 
    [meta_h1_en] => 
    [meta_keywords_en] => 
    [meta_description_en] => 
    [ax_description_en] => 
)

