
Тип синхронизации: full
В категорию 7938 [ru]
Добавлено: 0 записей
Обновлено: 0 записей
Доступно: 0 записей
Количество исключений0

Тип синхронизации: full
В категорию 7938 [ua]
Добавлено: 0 записей
Обновлено: 0 записей
Доступно: 0 записей
Количество исключений0

Тип синхронизации: full
В категорию 7939 [ru]
Добавлено: 0 записей
Обновлено: 0 записей
Доступно: 0 записей
Количество исключений0

Тип синхронизации: full
В категорию 7939 [ua]
Добавлено: 0 записей
Обновлено: 0 записей
Доступно: 0 записей
Количество исключений0

Тип синхронизации: full
В категорию 1265 [ru]
Добавлено: 0 записей
Обновлено: 0 записей
Доступно: 0 записей
Количество исключений0

Тип синхронизации: full
В категорию 1265 [ua]
Добавлено: 0 записей
Обновлено: 0 записей
Доступно: 0 записей
Количество исключений0

Тип синхронизации: full
В категорию 7940 [ru]
Добавлено: 0 записей
Обновлено: 0 записей
Доступно: 0 записей
Количество исключений0

Тип синхронизации: full
В категорию 7940 [ua]
Добавлено: 0 записей
Обновлено: 0 записей
Доступно: 0 записей
Количество исключений0

Тип синхронизации: full
В категорию 7508 [ru]
Добавлено: 0 записей
Обновлено: 0 записей
Доступно: 0 записей
Количество исключений0

Тип синхронизации: full
В категорию 7508 [ua]
Добавлено: 0 записей
Обновлено: 0 записей
Доступно: 0 записей
Количество исключений0

Тип синхронизации: full
В категорию 8101 [ru]
Добавлено: 0 записей
Обновлено: 0 записей
Доступно: 0 записей
Количество исключений0

Тип синхронизации: full
В категорию 8101 [ua]
Добавлено: 0 записей
Обновлено: 0 записей
Доступно: 0 записей
Количество исключений0

Тип синхронизации: full
В категорию 7844 [ru]
Добавлено: 0 записей
Обновлено: 0 записей
Доступно: 0 записей
Количество исключений0

Тип синхронизации: full
В категорию 7844 [ua]
Добавлено: 0 записей
Обновлено: 0 записей
Доступно: 0 записей
Количество исключений0

Тип синхронизации: full
В категорию 7846 [ru]
Добавлено: 0 записей
Обновлено: 0 записей
Доступно: 0 записей
Количество исключений0

Тип синхронизации: full
В категорию 7846 [ua]
Добавлено: 0 записей
Обновлено: 0 записей
Доступно: 0 записей
Количество исключений0

Тип синхронизации: full
В категорию 7847 [ru]
Добавлено: 0 записей
Обновлено: 0 записей
Доступно: 0 записей
Количество исключений0

Тип синхронизации: full
В категорию 7847 [ua]
Добавлено: 0 записей
Обновлено: 0 записей
Доступно: 0 записей
Количество исключений0

Тип синхронизации: full
В категорию 7848 [ru]
Добавлено: 0 записей
Обновлено: 0 записей
Доступно: 0 записей
Количество исключений0

Тип синхронизации: full
В категорию 7848 [ua]
Добавлено: 0 записей
Обновлено: 0 записей
Доступно: 0 записей
Количество исключений0

Тип синхронизации: full
В категорию 7850 [ru]
Добавлено: 0 записей
Обновлено: 0 записей
Доступно: 0 записей
Количество исключений0

Тип синхронизации: full
В категорию 7850 [ua]
Добавлено: 0 записей
Обновлено: 0 записей
Доступно: 0 записей
Количество исключений0

Тип синхронизации: full
В категорию 7845 [ru]
Добавлено: 0 записей
Обновлено: 0 записей
Доступно: 0 записей
Количество исключений0

Тип синхронизации: full
В категорию 7845 [ua]
Добавлено: 0 записей
Обновлено: 0 записей
Доступно: 0 записей
Количество исключений0

Тип синхронизации: full
В категорию 7849 [ru]
Добавлено: 0 записей
Обновлено: 0 записей
Доступно: 0 записей
Количество исключений0

Тип синхронизации: full
В категорию 7849 [ua]
Добавлено: 0 записей
Обновлено: 0 записей
Доступно: 0 записей
Количество исключений0

Тип синхронизации: full
В категорию 8177 [ru]
Добавлено: 0 записей
Обновлено: 0 записей
Доступно: 0 записей
Количество исключений0

Тип синхронизации: full
В категорию 8177 [ua]
Добавлено: 0 записей
Обновлено: 0 записей
Доступно: 0 записей
Количество исключений0

Тип синхронизации: full
В категорию 1293 [ru]
Добавлено: 0 записей
Обновлено: 0 записей
Доступно: 0 записей
Количество исключений0

Тип синхронизации: full
В категорию 1293 [ua]
Добавлено: 0 записей
Обновлено: 0 записей
Доступно: 0 записей
Количество исключений0

Тип синхронизации: full
В категорию 1419 [ru]
Добавлено: 0 записей
Обновлено: 0 записей
Доступно: 0 записей
Количество исключений0

Тип синхронизации: full
В категорию 1419 [ua]
Добавлено: 0 записей
Обновлено: 0 записей
Доступно: 0 записей
Количество исключений0

Тип синхронизации: full
В категорию 7332 [ru]
Добавлено: 0 записей
Обновлено: 0 записей
Доступно: 0 записей
Количество исключений0

Тип синхронизации: full
В категорию 7332 [ua]
Добавлено: 0 записей
Обновлено: 0 записей
Доступно: 0 записей
Количество исключений0

Тип синхронизации: full
В категорию 1037 [ru]
Добавлено: 0 записей
Обновлено: 0 записей
Доступно: 0 записей
Количество исключений0

Тип синхронизации: full
В категорию 1037 [ua]
Добавлено: 0 записей
Обновлено: 0 записей
Доступно: 0 записей
Количество исключений0

Тип синхронизации: full
В категорию 7329 [ru]
Добавлено: 0 записей
Обновлено: 0 записей
Доступно: 0 записей
Количество исключений0

Тип синхронизации: full
В категорию 7329 [ua]
Добавлено: 0 записей
Обновлено: 0 записей
Доступно: 0 записей
Количество исключений0

Тип синхронизации: full
В категорию 8171 [ru]
Добавлено: 0 записей
Обновлено: 0 записей
Доступно: 0 записей
Количество исключений0

Тип синхронизации: full
В категорию 8171 [ua]
Добавлено: 0 записей
Обновлено: 0 записей
Доступно: 0 записей
Количество исключений0

Тип синхронизации: full
В категорию 7328 [ru]
Добавлено: 0 записей
Обновлено: 0 записей
Доступно: 0 записей
Количество исключений0

Тип синхронизации: full
В категорию 7328 [ua]
Добавлено: 0 записей
Обновлено: 0 записей
Доступно: 0 записей
Количество исключений0

Тип синхронизации: full
В категорию 7506 [ru]
Добавлено: 0 записей
Обновлено: 0 записей
Доступно: 0 записей
Количество исключений0

Тип синхронизации: full
В категорию 7506 [ua]
Добавлено: 0 записей
Обновлено: 0 записей
Доступно: 0 записей
Количество исключений0

Тип синхронизации: full
В категорию 7790 [ru]
Добавлено: 0 записей
Обновлено: 0 записей
Доступно: 0 записей
Количество исключений0

Тип синхронизации: full
В категорию 7790 [ua]
Добавлено: 0 записей
Обновлено: 0 записей
Доступно: 0 записей
Количество исключений0

Тип синхронизации: full
В категорию 7273 [ru]
Добавлено: 0 записей
Обновлено: 0 записей
Доступно: 0 записей
Количество исключений0

Тип синхронизации: full
В категорию 7273 [ua]
Добавлено: 0 записей
Обновлено: 0 записей
Доступно: 0 записей
Количество исключений0

Тип синхронизации: full
В категорию 1365 [ru]
Добавлено: 0 записей
Обновлено: 0 записей
Доступно: 0 записей
Количество исключений0

Тип синхронизации: full
В категорию 1365 [ua]
Добавлено: 0 записей
Обновлено: 0 записей
Доступно: 0 записей
Количество исключений0

Тип синхронизации: full
В категорию 1038 [ru]
Добавлено: 0 записей
Обновлено: 0 записей
Доступно: 0 записей
Количество исключений0

Тип синхронизации: full
В категорию 1038 [ua]
Добавлено: 0 записей
Обновлено: 0 записей
Доступно: 0 записей
Количество исключений0

Тип синхронизации: full
В категорию 1360 [ru]
Добавлено: 0 записей
Обновлено: 0 записей
Доступно: 0 записей
Количество исключений0

Тип синхронизации: full
В категорию 1360 [ua]
Добавлено: 0 записей
Обновлено: 0 записей
Доступно: 0 записей
Количество исключений0

Тип синхронизации: full
В категорию 1363 [ru]
Добавлено: 0 записей
Обновлено: 0 записей
Доступно: 0 записей
Количество исключений0

Тип синхронизации: full
В категорию 1363 [ua]
Добавлено: 0 записей
Обновлено: 0 записей
Доступно: 0 записей
Количество исключений0

Тип синхронизации: full
В категорию 1040 [ru]
Добавлено: 0 записей
Обновлено: 0 записей
Доступно: 0 записей
Количество исключений0

Тип синхронизации: full
В категорию 1040 [ua]
Добавлено: 0 записей
Обновлено: 0 записей
Доступно: 0 записей
Количество исключений0

Тип синхронизации: full
В категорию 1269 [ru]
Добавлено: 0 записей
Обновлено: 0 записей
Доступно: 0 записей
Количество исключений0

Тип синхронизации: full
В категорию 1269 [ua]
Добавлено: 0 записей
Обновлено: 0 записей
Доступно: 0 записей
Количество исключений0

Тип синхронизации: full
В категорию 1272 [ru]
Добавлено: 0 записей
Обновлено: 0 записей
Доступно: 0 записей
Количество исключений0

Тип синхронизации: full
В категорию 1272 [ua]
Добавлено: 0 записей
Обновлено: 0 записей
Доступно: 0 записей
Количество исключений0

Тип синхронизации: full
В категорию 1441 [ru]
Добавлено: 0 записей
Обновлено: 0 записей
Доступно: 0 записей
Количество исключений0

Тип синхронизации: full
В категорию 1441 [ua]
Добавлено: 0 записей
Обновлено: 0 записей
Доступно: 0 записей
Количество исключений0

Тип синхронизации: full
В категорию 1334 [ru]
Добавлено: 0 записей
Обновлено: 0 записей
Доступно: 0 записей
Количество исключений0

Тип синхронизации: full
В категорию 1334 [ua]
Добавлено: 0 записей
Обновлено: 0 записей
Доступно: 0 записей
Количество исключений0

Тип синхронизации: full
В категорию 1442 [ru]
Добавлено: 0 записей
Обновлено: 0 записей
Доступно: 0 записей
Количество исключений0

Тип синхронизации: full
В категорию 1442 [ua]
Добавлено: 0 записей
Обновлено: 0 записей
Доступно: 0 записей
Количество исключений0

Тип синхронизации: full
В категорию 1361 [ru]
Добавлено: 0 записей
Обновлено: 0 записей
Доступно: 0 записей
Количество исключений0

Тип синхронизации: full
В категорию 1361 [ua]
Добавлено: 0 записей
Обновлено: 0 записей
Доступно: 0 записей
Количество исключений0

Тип синхронизации: full
В категорию 1180 [ru]
Добавлено: 0 записей
Обновлено: 0 записей
Доступно: 0 записей
Количество исключений0

Тип синхронизации: full
В категорию 1180 [ua]
Добавлено: 0 записей
Обновлено: 0 записей
Доступно: 0 записей
Количество исключений0

Тип синхронизации: full
В категорию 1260 [ru]
Добавлено: 0 записей
Обновлено: 0 записей
Доступно: 0 записей
Количество исключений0

Тип синхронизации: full
В категорию 1260 [ua]
Добавлено: 0 записей
Обновлено: 0 записей
Доступно: 0 записей
Количество исключений0

Тип синхронизации: full
В категорию 1108 [ru]
Добавлено: 0 записей
Обновлено: 0 записей
Доступно: 0 записей
Количество исключений0

Тип синхронизации: full
В категорию 1108 [ua]
Добавлено: 0 записей
Обновлено: 0 записей
Доступно: 0 записей
Количество исключений0

Тип синхронизации: full
В категорию 1443 [ru]
Добавлено: 0 записей
Обновлено: 0 записей
Доступно: 0 записей
Количество исключений0

Тип синхронизации: full
В категорию 1443 [ua]
Добавлено: 0 записей
Обновлено: 0 записей
Доступно: 0 записей
Количество исключений0

Тип синхронизации: full
В категорию 8172 [ru]
Добавлено: 0 записей
Обновлено: 0 записей
Доступно: 0 записей
Количество исключений0

Тип синхронизации: full
В категорию 8172 [ua]
Добавлено: 0 записей
Обновлено: 0 записей
Доступно: 0 записей
Количество исключений0

Тип синхронизации: full
В категорию 8220 [ru]
Добавлено: 0 записей
Обновлено: 0 записей
Доступно: 0 записей
Количество исключений0

Тип синхронизации: full
В категорию 8220 [ua]
Добавлено: 0 записей
Обновлено: 0 записей
Доступно: 0 записей
Количество исключений0

Тип синхронизации: full
В категорию 8506 [ru]
Добавлено: 0 записей
Обновлено: 0 записей
Доступно: 0 записей
Количество исключений0

Тип синхронизации: full
В категорию 8506 [ua]
Добавлено: 0 записей
Обновлено: 0 записей
Доступно: 0 записей
Количество исключений0

Тип синхронизации: full
В категорию 1403 [ru]
Добавлено: 0 записей
Обновлено: 0 записей
Доступно: 0 записей
Количество исключений0

Тип синхронизации: full
В категорию 1403 [ua]
Добавлено: 0 записей
Обновлено: 0 записей
Доступно: 0 записей
Количество исключений0

Тип синхронизации: full
В категорию 1377 [ru]
Добавлено: 0 записей
Обновлено: 0 записей
Доступно: 0 записей
Количество исключений0

Тип синхронизации: full
В категорию 1377 [ua]
Добавлено: 0 записей
Обновлено: 0 записей
Доступно: 0 записей
Количество исключений0

Тип синхронизации: full
В категорию 1381 [ru]
Добавлено: 0 записей
Обновлено: 0 записей
Доступно: 0 записей
Количество исключений0

Тип синхронизации: full
В категорию 1381 [ua]
Добавлено: 0 записей
Обновлено: 0 записей
Доступно: 0 записей
Количество исключений0

Тип синхронизации: full
В категорию 7832 [ru]
Добавлено: 0 записей
Обновлено: 0 записей
Доступно: 0 записей
Количество исключений0

Тип синхронизации: full
В категорию 7832 [ua]
Добавлено: 0 записей
Обновлено: 0 записей
Доступно: 0 записей
Количество исключений0

Тип синхронизации: full
В категорию 7831 [ru]
Добавлено: 0 записей
Обновлено: 0 записей
Доступно: 0 записей
Количество исключений0

Тип синхронизации: full
В категорию 7831 [ua]
Добавлено: 0 записей
Обновлено: 0 записей
Доступно: 0 записей
Количество исключений0

Тип синхронизации: full
В категорию 1258 [ru]
Добавлено: 0 записей
Обновлено: 0 записей
Доступно: 0 записей
Количество исключений0

Тип синхронизации: full
В категорию 1258 [ua]
Добавлено: 0 записей
Обновлено: 0 записей
Доступно: 0 записей
Количество исключений0

Тип синхронизации: full
В категорию 7267 [ru]
Добавлено: 0 записей
Обновлено: 0 записей
Доступно: 0 записей
Количество исключений0

Тип синхронизации: full
В категорию 7267 [ua]
Добавлено: 0 записей
Обновлено: 0 записей
Доступно: 0 записей
Количество исключений0

Тип синхронизации: full
В категорию 1562 [ru]
Добавлено: 0 записей
Обновлено: 0 записей
Доступно: 0 записей
Количество исключений0

Тип синхронизации: full
В категорию 1562 [ua]
Добавлено: 0 записей
Обновлено: 0 записей
Доступно: 0 записей
Количество исключений0

Тип синхронизации: full
В категорию 7834 [ru]
Добавлено: 0 записей
Обновлено: 0 записей
Доступно: 0 записей
Количество исключений0

Тип синхронизации: full
В категорию 7834 [ua]
Добавлено: 0 записей
Обновлено: 0 записей
Доступно: 0 записей
Количество исключений0

Тип синхронизации: full
В категорию 1189 [ru]
Добавлено: 0 записей
Обновлено: 0 записей
Доступно: 0 записей
Количество исключений0

Тип синхронизации: full
В категорию 1189 [ua]
Добавлено: 0 записей
Обновлено: 0 записей
Доступно: 0 записей
Количество исключений0

Тип синхронизации: full
В категорию 7833 [ru]
Добавлено: 0 записей
Обновлено: 0 записей
Доступно: 0 записей
Количество исключений0

Тип синхронизации: full
В категорию 7833 [ua]
Добавлено: 0 записей
Обновлено: 0 записей
Доступно: 0 записей
Количество исключений0

Всего скрыто: 1 записей

Всего добавлено: 0 записей
Всего обновлено: 0 записей
