2021-10-20 8:55:12 : Array
(
    [username] => axapta
    [password] => JmmYApKoMTavwWh6N0D4MdeT7vhxQMLEWkU0QirIxYh6egTEhlqOydTBPdptwaJH3apU6t0cUuJQelovHSY3vaDfTD0W20RyckueQIn15aWy4wdv12POIRLGcwtLNBqBvEDtAFKtwtw6wQit2nsnrvjsqTBvatYLeOzTpLbUMVkasK7aZCB72ERtkFqzuoKsaBufVYXwUPafT5soXUUyACFsiZPlQKlACCPzlpvVES6ecjhYTp7BB5SMQJnWtbiw
    [key] => JmmYApKoMTavwWh6N0D4MdeT7vhxQMLEWkU0QirIxYh6egTEhlqOydTBPdptwaJH3apU6t0cUuJQelovHSY3vaDfTD0W20RyckueQIn15aWy4wdv12POIRLGcwtLNBqBvEDtAFKtwtw6wQit2nsnrvjsqTBvatYLeOzTpLbUMVkasK7aZCB72ERtkFqzuoKsaBufVYXwUPafT5soXUUyACFsiZPlQKlACCPzlpvVES6ecjhYTp7BB5SMQJnWtbiw
)

2021-10-20 8:55:13 : Array
(
    [username] => axapta
    [password] => JmmYApKoMTavwWh6N0D4MdeT7vhxQMLEWkU0QirIxYh6egTEhlqOydTBPdptwaJH3apU6t0cUuJQelovHSY3vaDfTD0W20RyckueQIn15aWy4wdv12POIRLGcwtLNBqBvEDtAFKtwtw6wQit2nsnrvjsqTBvatYLeOzTpLbUMVkasK7aZCB72ERtkFqzuoKsaBufVYXwUPafT5soXUUyACFsiZPlQKlACCPzlpvVES6ecjhYTp7BB5SMQJnWtbiw
    [key] => JmmYApKoMTavwWh6N0D4MdeT7vhxQMLEWkU0QirIxYh6egTEhlqOydTBPdptwaJH3apU6t0cUuJQelovHSY3vaDfTD0W20RyckueQIn15aWy4wdv12POIRLGcwtLNBqBvEDtAFKtwtw6wQit2nsnrvjsqTBvatYLeOzTpLbUMVkasK7aZCB72ERtkFqzuoKsaBufVYXwUPafT5soXUUyACFsiZPlQKlACCPzlpvVES6ecjhYTp7BB5SMQJnWtbiw
)

2021-10-20 8:57:30 : Array
(
    [username] => axapta
    [password] => JmmYApKoMTavwWh6N0D4MdeT7vhxQMLEWkU0QirIxYh6egTEhlqOydTBPdptwaJH3apU6t0cUuJQelovHSY3vaDfTD0W20RyckueQIn15aWy4wdv12POIRLGcwtLNBqBvEDtAFKtwtw6wQit2nsnrvjsqTBvatYLeOzTpLbUMVkasK7aZCB72ERtkFqzuoKsaBufVYXwUPafT5soXUUyACFsiZPlQKlACCPzlpvVES6ecjhYTp7BB5SMQJnWtbiw
    [key] => JmmYApKoMTavwWh6N0D4MdeT7vhxQMLEWkU0QirIxYh6egTEhlqOydTBPdptwaJH3apU6t0cUuJQelovHSY3vaDfTD0W20RyckueQIn15aWy4wdv12POIRLGcwtLNBqBvEDtAFKtwtw6wQit2nsnrvjsqTBvatYLeOzTpLbUMVkasK7aZCB72ERtkFqzuoKsaBufVYXwUPafT5soXUUyACFsiZPlQKlACCPzlpvVES6ecjhYTp7BB5SMQJnWtbiw
)

2021-10-20 8:57:30 : 1
2021-10-20 10:18:02 : Array
(
    [username] => axapta
    [password] => JmmYApKoMTavwWh6N0D4MdeT7vhxQMLEWkU0QirIxYh6egTEhlqOydTBPdptwaJH3apU6t0cUuJQelovHSY3vaDfTD0W20RyckueQIn15aWy4wdv12POIRLGcwtLNBqBvEDtAFKtwtw6wQit2nsnrvjsqTBvatYLeOzTpLbUMVkasK7aZCB72ERtkFqzuoKsaBufVYXwUPafT5soXUUyACFsiZPlQKlACCPzlpvVES6ecjhYTp7BB5SMQJnWtbiw
    [key] => JmmYApKoMTavwWh6N0D4MdeT7vhxQMLEWkU0QirIxYh6egTEhlqOydTBPdptwaJH3apU6t0cUuJQelovHSY3vaDfTD0W20RyckueQIn15aWy4wdv12POIRLGcwtLNBqBvEDtAFKtwtw6wQit2nsnrvjsqTBvatYLeOzTpLbUMVkasK7aZCB72ERtkFqzuoKsaBufVYXwUPafT5soXUUyACFsiZPlQKlACCPzlpvVES6ecjhYTp7BB5SMQJnWtbiw
)

2021-10-20 10:18:02 : 1
2021-10-20 10:18:02 : 2 https://prote.ua/index.php?adminka/index.php?route=dashboard/task/addtask
2021-10-20 10:18:02 : 3
2021-10-20 10:18:04 : Array
(
    [task] => full
    [comment] => Полное обновление
)

2021-10-20 10:18:04 : 4
2021-10-20 10:25:46 : Array
(
    [username] => axapta
    [password] => JmmYApKoMTavwWh6N0D4MdeT7vhxQMLEWkU0QirIxYh6egTEhlqOydTBPdptwaJH3apU6t0cUuJQelovHSY3vaDfTD0W20RyckueQIn15aWy4wdv12POIRLGcwtLNBqBvEDtAFKtwtw6wQit2nsnrvjsqTBvatYLeOzTpLbUMVkasK7aZCB72ERtkFqzuoKsaBufVYXwUPafT5soXUUyACFsiZPlQKlACCPzlpvVES6ecjhYTp7BB5SMQJnWtbiw
    [key] => JmmYApKoMTavwWh6N0D4MdeT7vhxQMLEWkU0QirIxYh6egTEhlqOydTBPdptwaJH3apU6t0cUuJQelovHSY3vaDfTD0W20RyckueQIn15aWy4wdv12POIRLGcwtLNBqBvEDtAFKtwtw6wQit2nsnrvjsqTBvatYLeOzTpLbUMVkasK7aZCB72ERtkFqzuoKsaBufVYXwUPafT5soXUUyACFsiZPlQKlACCPzlpvVES6ecjhYTp7BB5SMQJnWtbiw
)

2021-10-20 10:25:46 : 1
2021-10-20 10:25:46 : 2 https://prote.ua/index.php?adminka/index.php?route=dashboard/task/addtask
2021-10-20 10:25:46 : 3
2021-10-20 10:25:47 : Array
(
    [task] => full
    [comment] => Полное обновление
)

2021-10-20 10:25:47 : 4
2021-10-20 10:29:39 : Array
(
    [username] => axapta
    [password] => JmmYApKoMTavwWh6N0D4MdeT7vhxQMLEWkU0QirIxYh6egTEhlqOydTBPdptwaJH3apU6t0cUuJQelovHSY3vaDfTD0W20RyckueQIn15aWy4wdv12POIRLGcwtLNBqBvEDtAFKtwtw6wQit2nsnrvjsqTBvatYLeOzTpLbUMVkasK7aZCB72ERtkFqzuoKsaBufVYXwUPafT5soXUUyACFsiZPlQKlACCPzlpvVES6ecjhYTp7BB5SMQJnWtbiw
    [key] => JmmYApKoMTavwWh6N0D4MdeT7vhxQMLEWkU0QirIxYh6egTEhlqOydTBPdptwaJH3apU6t0cUuJQelovHSY3vaDfTD0W20RyckueQIn15aWy4wdv12POIRLGcwtLNBqBvEDtAFKtwtw6wQit2nsnrvjsqTBvatYLeOzTpLbUMVkasK7aZCB72ERtkFqzuoKsaBufVYXwUPafT5soXUUyACFsiZPlQKlACCPzlpvVES6ecjhYTp7BB5SMQJnWtbiw
)

2021-10-20 10:29:39 : 1
2021-10-20 10:29:39 : 2 https://prote.ua/adminka/index.php?route=dashboard/task/addtask
2021-10-20 10:29:39 : 3
2021-10-20 10:29:39 : Array
(
    [task] => full
    [comment] => Полное обновление
)

2021-10-20 10:29:39 : 4
2021-10-20 10:40:57 : Array
(
    [username] => axapta
    [password] => JmmYApKoMTavwWh6N0D4MdeT7vhxQMLEWkU0QirIxYh6egTEhlqOydTBPdptwaJH3apU6t0cUuJQelovHSY3vaDfTD0W20RyckueQIn15aWy4wdv12POIRLGcwtLNBqBvEDtAFKtwtw6wQit2nsnrvjsqTBvatYLeOzTpLbUMVkasK7aZCB72ERtkFqzuoKsaBufVYXwUPafT5soXUUyACFsiZPlQKlACCPzlpvVES6ecjhYTp7BB5SMQJnWtbiw
    [key] => JmmYApKoMTavwWh6N0D4MdeT7vhxQMLEWkU0QirIxYh6egTEhlqOydTBPdptwaJH3apU6t0cUuJQelovHSY3vaDfTD0W20RyckueQIn15aWy4wdv12POIRLGcwtLNBqBvEDtAFKtwtw6wQit2nsnrvjsqTBvatYLeOzTpLbUMVkasK7aZCB72ERtkFqzuoKsaBufVYXwUPafT5soXUUyACFsiZPlQKlACCPzlpvVES6ecjhYTp7BB5SMQJnWtbiw
)

2021-10-20 10:44:24 : Array
(
    [username] => axapta
    [password] => JmmYApKoMTavwWh6N0D4MdeT7vhxQMLEWkU0QirIxYh6egTEhlqOydTBPdptwaJH3apU6t0cUuJQelovHSY3vaDfTD0W20RyckueQIn15aWy4wdv12POIRLGcwtLNBqBvEDtAFKtwtw6wQit2nsnrvjsqTBvatYLeOzTpLbUMVkasK7aZCB72ERtkFqzuoKsaBufVYXwUPafT5soXUUyACFsiZPlQKlACCPzlpvVES6ecjhYTp7BB5SMQJnWtbiw
    [key] => JmmYApKoMTavwWh6N0D4MdeT7vhxQMLEWkU0QirIxYh6egTEhlqOydTBPdptwaJH3apU6t0cUuJQelovHSY3vaDfTD0W20RyckueQIn15aWy4wdv12POIRLGcwtLNBqBvEDtAFKtwtw6wQit2nsnrvjsqTBvatYLeOzTpLbUMVkasK7aZCB72ERtkFqzuoKsaBufVYXwUPafT5soXUUyACFsiZPlQKlACCPzlpvVES6ecjhYTp7BB5SMQJnWtbiw
)

2021-10-20 10:44:24 : https://prote.ua/adminka/index.php?route=dashboard/task/addtask&api_token=9e7dcf7aa5d000fed2285eb424dd971e
2021-10-20 10:44:24 : Array
(
    [task] => full
    [comment] => Полное обновление
)

2021-10-20 10:47:53 : Array
(
    [username] => axapta
    [password] => JmmYApKoMTavwWh6N0D4MdeT7vhxQMLEWkU0QirIxYh6egTEhlqOydTBPdptwaJH3apU6t0cUuJQelovHSY3vaDfTD0W20RyckueQIn15aWy4wdv12POIRLGcwtLNBqBvEDtAFKtwtw6wQit2nsnrvjsqTBvatYLeOzTpLbUMVkasK7aZCB72ERtkFqzuoKsaBufVYXwUPafT5soXUUyACFsiZPlQKlACCPzlpvVES6ecjhYTp7BB5SMQJnWtbiw
    [key] => JmmYApKoMTavwWh6N0D4MdeT7vhxQMLEWkU0QirIxYh6egTEhlqOydTBPdptwaJH3apU6t0cUuJQelovHSY3vaDfTD0W20RyckueQIn15aWy4wdv12POIRLGcwtLNBqBvEDtAFKtwtw6wQit2nsnrvjsqTBvatYLeOzTpLbUMVkasK7aZCB72ERtkFqzuoKsaBufVYXwUPafT5soXUUyACFsiZPlQKlACCPzlpvVES6ecjhYTp7BB5SMQJnWtbiw
)

2021-10-20 10:47:53 : https://prote.ua/adminka/index.php?route=dashboard/task/addtask&api_token=9e7dcf7aa5d000fed2285eb424dd971e
2021-10-20 10:47:53 : Array
(
    [task] => full
    [comment] => Полное обновление
)

2021-10-20 11:05:21 : Array
(
    [username] => axapta
    [password] => JmmYApKoMTavwWh6N0D4MdeT7vhxQMLEWkU0QirIxYh6egTEhlqOydTBPdptwaJH3apU6t0cUuJQelovHSY3vaDfTD0W20RyckueQIn15aWy4wdv12POIRLGcwtLNBqBvEDtAFKtwtw6wQit2nsnrvjsqTBvatYLeOzTpLbUMVkasK7aZCB72ERtkFqzuoKsaBufVYXwUPafT5soXUUyACFsiZPlQKlACCPzlpvVES6ecjhYTp7BB5SMQJnWtbiw
    [key] => JmmYApKoMTavwWh6N0D4MdeT7vhxQMLEWkU0QirIxYh6egTEhlqOydTBPdptwaJH3apU6t0cUuJQelovHSY3vaDfTD0W20RyckueQIn15aWy4wdv12POIRLGcwtLNBqBvEDtAFKtwtw6wQit2nsnrvjsqTBvatYLeOzTpLbUMVkasK7aZCB72ERtkFqzuoKsaBufVYXwUPafT5soXUUyACFsiZPlQKlACCPzlpvVES6ecjhYTp7BB5SMQJnWtbiw
)

2021-10-20 11:05:21 : https://prote.ua/adminka/index.php?route=dashboard/task/addtask&token=9e7dcf7aa5d000fed2285eb424dd971e
2021-10-20 11:05:21 : Array
(
    [task] => full
    [comment] => Полное обновление
)

2021-10-20 11:24:02 : Array
(
    [username] => axapta
    [password] => JmmYApKoMTavwWh6N0D4MdeT7vhxQMLEWkU0QirIxYh6egTEhlqOydTBPdptwaJH3apU6t0cUuJQelovHSY3vaDfTD0W20RyckueQIn15aWy4wdv12POIRLGcwtLNBqBvEDtAFKtwtw6wQit2nsnrvjsqTBvatYLeOzTpLbUMVkasK7aZCB72ERtkFqzuoKsaBufVYXwUPafT5soXUUyACFsiZPlQKlACCPzlpvVES6ecjhYTp7BB5SMQJnWtbiw
    [key] => JmmYApKoMTavwWh6N0D4MdeT7vhxQMLEWkU0QirIxYh6egTEhlqOydTBPdptwaJH3apU6t0cUuJQelovHSY3vaDfTD0W20RyckueQIn15aWy4wdv12POIRLGcwtLNBqBvEDtAFKtwtw6wQit2nsnrvjsqTBvatYLeOzTpLbUMVkasK7aZCB72ERtkFqzuoKsaBufVYXwUPafT5soXUUyACFsiZPlQKlACCPzlpvVES6ecjhYTp7BB5SMQJnWtbiw
)

2021-10-20 11:24:02 : route=axapta/addtask&api_token=9e7dcf7aa5d000fed2285eb424dd971e
2021-10-20 11:24:02 : Could not resolve host: route=axapta; Unknown error
2021-10-20 11:24:02 : Array
(
    [task] => full
    [comment] => Полное обновление
)

2021-10-20 11:24:47 : Array
(
    [username] => axapta
    [password] => JmmYApKoMTavwWh6N0D4MdeT7vhxQMLEWkU0QirIxYh6egTEhlqOydTBPdptwaJH3apU6t0cUuJQelovHSY3vaDfTD0W20RyckueQIn15aWy4wdv12POIRLGcwtLNBqBvEDtAFKtwtw6wQit2nsnrvjsqTBvatYLeOzTpLbUMVkasK7aZCB72ERtkFqzuoKsaBufVYXwUPafT5soXUUyACFsiZPlQKlACCPzlpvVES6ecjhYTp7BB5SMQJnWtbiw
    [key] => JmmYApKoMTavwWh6N0D4MdeT7vhxQMLEWkU0QirIxYh6egTEhlqOydTBPdptwaJH3apU6t0cUuJQelovHSY3vaDfTD0W20RyckueQIn15aWy4wdv12POIRLGcwtLNBqBvEDtAFKtwtw6wQit2nsnrvjsqTBvatYLeOzTpLbUMVkasK7aZCB72ERtkFqzuoKsaBufVYXwUPafT5soXUUyACFsiZPlQKlACCPzlpvVES6ecjhYTp7BB5SMQJnWtbiw
)

2021-10-20 11:24:47 : route=api/axapta/addtask&api_token=9e7dcf7aa5d000fed2285eb424dd971e
2021-10-20 11:24:47 : Could not resolve host: route=api; Unknown error
2021-10-20 11:24:47 : Array
(
    [task] => full
    [comment] => Полное обновление
)

2021-10-20 11:26:10 : Array
(
    [username] => axapta
    [password] => JmmYApKoMTavwWh6N0D4MdeT7vhxQMLEWkU0QirIxYh6egTEhlqOydTBPdptwaJH3apU6t0cUuJQelovHSY3vaDfTD0W20RyckueQIn15aWy4wdv12POIRLGcwtLNBqBvEDtAFKtwtw6wQit2nsnrvjsqTBvatYLeOzTpLbUMVkasK7aZCB72ERtkFqzuoKsaBufVYXwUPafT5soXUUyACFsiZPlQKlACCPzlpvVES6ecjhYTp7BB5SMQJnWtbiw
    [key] => JmmYApKoMTavwWh6N0D4MdeT7vhxQMLEWkU0QirIxYh6egTEhlqOydTBPdptwaJH3apU6t0cUuJQelovHSY3vaDfTD0W20RyckueQIn15aWy4wdv12POIRLGcwtLNBqBvEDtAFKtwtw6wQit2nsnrvjsqTBvatYLeOzTpLbUMVkasK7aZCB72ERtkFqzuoKsaBufVYXwUPafT5soXUUyACFsiZPlQKlACCPzlpvVES6ecjhYTp7BB5SMQJnWtbiw
)

2021-10-20 11:26:10 : https://prote.ua/index.php?route=api/route=api/axapta/addtask
2021-10-20 11:26:11 : Array
(
    [task] => full
    [comment] => Полное обновление
)

2021-10-20 11:26:56 : Array
(
    [username] => axapta
    [password] => JmmYApKoMTavwWh6N0D4MdeT7vhxQMLEWkU0QirIxYh6egTEhlqOydTBPdptwaJH3apU6t0cUuJQelovHSY3vaDfTD0W20RyckueQIn15aWy4wdv12POIRLGcwtLNBqBvEDtAFKtwtw6wQit2nsnrvjsqTBvatYLeOzTpLbUMVkasK7aZCB72ERtkFqzuoKsaBufVYXwUPafT5soXUUyACFsiZPlQKlACCPzlpvVES6ecjhYTp7BB5SMQJnWtbiw
    [key] => JmmYApKoMTavwWh6N0D4MdeT7vhxQMLEWkU0QirIxYh6egTEhlqOydTBPdptwaJH3apU6t0cUuJQelovHSY3vaDfTD0W20RyckueQIn15aWy4wdv12POIRLGcwtLNBqBvEDtAFKtwtw6wQit2nsnrvjsqTBvatYLeOzTpLbUMVkasK7aZCB72ERtkFqzuoKsaBufVYXwUPafT5soXUUyACFsiZPlQKlACCPzlpvVES6ecjhYTp7BB5SMQJnWtbiw
)

2021-10-20 11:26:56 : https://prote.ua/index.php?route=api/axapta/addtask
2021-10-20 11:26:57 : Array
(
    [task] => full
    [comment] => Полное обновление
)

2021-10-20 11:28:20 : Array
(
    [username] => axapta
    [password] => JmmYApKoMTavwWh6N0D4MdeT7vhxQMLEWkU0QirIxYh6egTEhlqOydTBPdptwaJH3apU6t0cUuJQelovHSY3vaDfTD0W20RyckueQIn15aWy4wdv12POIRLGcwtLNBqBvEDtAFKtwtw6wQit2nsnrvjsqTBvatYLeOzTpLbUMVkasK7aZCB72ERtkFqzuoKsaBufVYXwUPafT5soXUUyACFsiZPlQKlACCPzlpvVES6ecjhYTp7BB5SMQJnWtbiw
    [key] => JmmYApKoMTavwWh6N0D4MdeT7vhxQMLEWkU0QirIxYh6egTEhlqOydTBPdptwaJH3apU6t0cUuJQelovHSY3vaDfTD0W20RyckueQIn15aWy4wdv12POIRLGcwtLNBqBvEDtAFKtwtw6wQit2nsnrvjsqTBvatYLeOzTpLbUMVkasK7aZCB72ERtkFqzuoKsaBufVYXwUPafT5soXUUyACFsiZPlQKlACCPzlpvVES6ecjhYTp7BB5SMQJnWtbiw
)

2021-10-20 11:28:20 : https://prote.ua/index.php?route=api/axapta/addtask
2021-10-20 11:28:20 : Array
(
    [task] => full
    [comment] => Полное обновление
)

2021-10-20 11:29:09 : Array
(
    [username] => axapta
    [password] => JmmYApKoMTavwWh6N0D4MdeT7vhxQMLEWkU0QirIxYh6egTEhlqOydTBPdptwaJH3apU6t0cUuJQelovHSY3vaDfTD0W20RyckueQIn15aWy4wdv12POIRLGcwtLNBqBvEDtAFKtwtw6wQit2nsnrvjsqTBvatYLeOzTpLbUMVkasK7aZCB72ERtkFqzuoKsaBufVYXwUPafT5soXUUyACFsiZPlQKlACCPzlpvVES6ecjhYTp7BB5SMQJnWtbiw
    [key] => JmmYApKoMTavwWh6N0D4MdeT7vhxQMLEWkU0QirIxYh6egTEhlqOydTBPdptwaJH3apU6t0cUuJQelovHSY3vaDfTD0W20RyckueQIn15aWy4wdv12POIRLGcwtLNBqBvEDtAFKtwtw6wQit2nsnrvjsqTBvatYLeOzTpLbUMVkasK7aZCB72ERtkFqzuoKsaBufVYXwUPafT5soXUUyACFsiZPlQKlACCPzlpvVES6ecjhYTp7BB5SMQJnWtbiw
)

2021-10-20 11:29:09 : https://prote.ua/index.php?route=api/axapta/addtask
2021-10-20 11:29:09 : Array
(
    [task] => full
    [comment] => Полное обновление
)

2021-10-20 11:29:53 : Array
(
    [username] => axapta
    [password] => JmmYApKoMTavwWh6N0D4MdeT7vhxQMLEWkU0QirIxYh6egTEhlqOydTBPdptwaJH3apU6t0cUuJQelovHSY3vaDfTD0W20RyckueQIn15aWy4wdv12POIRLGcwtLNBqBvEDtAFKtwtw6wQit2nsnrvjsqTBvatYLeOzTpLbUMVkasK7aZCB72ERtkFqzuoKsaBufVYXwUPafT5soXUUyACFsiZPlQKlACCPzlpvVES6ecjhYTp7BB5SMQJnWtbiw
    [key] => JmmYApKoMTavwWh6N0D4MdeT7vhxQMLEWkU0QirIxYh6egTEhlqOydTBPdptwaJH3apU6t0cUuJQelovHSY3vaDfTD0W20RyckueQIn15aWy4wdv12POIRLGcwtLNBqBvEDtAFKtwtw6wQit2nsnrvjsqTBvatYLeOzTpLbUMVkasK7aZCB72ERtkFqzuoKsaBufVYXwUPafT5soXUUyACFsiZPlQKlACCPzlpvVES6ecjhYTp7BB5SMQJnWtbiw
)

2021-10-20 11:29:53 : https://prote.ua/index.php?route=api/axapta/addtask
2021-10-20 11:29:53 : Array
(
    [task] => full
    [comment] => Полное обновление
)

2021-10-20 11:30:29 : Array
(
    [username] => axapta
    [password] => JmmYApKoMTavwWh6N0D4MdeT7vhxQMLEWkU0QirIxYh6egTEhlqOydTBPdptwaJH3apU6t0cUuJQelovHSY3vaDfTD0W20RyckueQIn15aWy4wdv12POIRLGcwtLNBqBvEDtAFKtwtw6wQit2nsnrvjsqTBvatYLeOzTpLbUMVkasK7aZCB72ERtkFqzuoKsaBufVYXwUPafT5soXUUyACFsiZPlQKlACCPzlpvVES6ecjhYTp7BB5SMQJnWtbiw
    [key] => JmmYApKoMTavwWh6N0D4MdeT7vhxQMLEWkU0QirIxYh6egTEhlqOydTBPdptwaJH3apU6t0cUuJQelovHSY3vaDfTD0W20RyckueQIn15aWy4wdv12POIRLGcwtLNBqBvEDtAFKtwtw6wQit2nsnrvjsqTBvatYLeOzTpLbUMVkasK7aZCB72ERtkFqzuoKsaBufVYXwUPafT5soXUUyACFsiZPlQKlACCPzlpvVES6ecjhYTp7BB5SMQJnWtbiw
)

2021-10-20 11:30:29 : https://prote.ua/index.php?route=api/axapta/addtask
2021-10-20 11:30:29 : Array
(
    [task] => full
    [comment] => Полное обновление
)

2021-10-20 11:30:58 : Array
(
    [username] => axapta
    [password] => JmmYApKoMTavwWh6N0D4MdeT7vhxQMLEWkU0QirIxYh6egTEhlqOydTBPdptwaJH3apU6t0cUuJQelovHSY3vaDfTD0W20RyckueQIn15aWy4wdv12POIRLGcwtLNBqBvEDtAFKtwtw6wQit2nsnrvjsqTBvatYLeOzTpLbUMVkasK7aZCB72ERtkFqzuoKsaBufVYXwUPafT5soXUUyACFsiZPlQKlACCPzlpvVES6ecjhYTp7BB5SMQJnWtbiw
    [key] => JmmYApKoMTavwWh6N0D4MdeT7vhxQMLEWkU0QirIxYh6egTEhlqOydTBPdptwaJH3apU6t0cUuJQelovHSY3vaDfTD0W20RyckueQIn15aWy4wdv12POIRLGcwtLNBqBvEDtAFKtwtw6wQit2nsnrvjsqTBvatYLeOzTpLbUMVkasK7aZCB72ERtkFqzuoKsaBufVYXwUPafT5soXUUyACFsiZPlQKlACCPzlpvVES6ecjhYTp7BB5SMQJnWtbiw
)

2021-10-20 11:30:58 : https://prote.ua/index.php?route=api/axapta/addtask
2021-10-20 11:30:58 : Array
(
    [task] => full
    [comment] => Полное обновление
)

2021-10-20 11:35:00 : Array
(
    [username] => axapta
    [password] => JmmYApKoMTavwWh6N0D4MdeT7vhxQMLEWkU0QirIxYh6egTEhlqOydTBPdptwaJH3apU6t0cUuJQelovHSY3vaDfTD0W20RyckueQIn15aWy4wdv12POIRLGcwtLNBqBvEDtAFKtwtw6wQit2nsnrvjsqTBvatYLeOzTpLbUMVkasK7aZCB72ERtkFqzuoKsaBufVYXwUPafT5soXUUyACFsiZPlQKlACCPzlpvVES6ecjhYTp7BB5SMQJnWtbiw
    [key] => JmmYApKoMTavwWh6N0D4MdeT7vhxQMLEWkU0QirIxYh6egTEhlqOydTBPdptwaJH3apU6t0cUuJQelovHSY3vaDfTD0W20RyckueQIn15aWy4wdv12POIRLGcwtLNBqBvEDtAFKtwtw6wQit2nsnrvjsqTBvatYLeOzTpLbUMVkasK7aZCB72ERtkFqzuoKsaBufVYXwUPafT5soXUUyACFsiZPlQKlACCPzlpvVES6ecjhYTp7BB5SMQJnWtbiw
)

2021-10-20 11:35:00 : https://prote.ua/index.php?route=api/axapta/addtask
2021-10-20 11:35:00 : Array
(
    [task] => full
    [comment] => Полное обновление
)

2021-10-20 11:36:40 : Array
(
    [username] => axapta
    [password] => JmmYApKoMTavwWh6N0D4MdeT7vhxQMLEWkU0QirIxYh6egTEhlqOydTBPdptwaJH3apU6t0cUuJQelovHSY3vaDfTD0W20RyckueQIn15aWy4wdv12POIRLGcwtLNBqBvEDtAFKtwtw6wQit2nsnrvjsqTBvatYLeOzTpLbUMVkasK7aZCB72ERtkFqzuoKsaBufVYXwUPafT5soXUUyACFsiZPlQKlACCPzlpvVES6ecjhYTp7BB5SMQJnWtbiw
    [key] => JmmYApKoMTavwWh6N0D4MdeT7vhxQMLEWkU0QirIxYh6egTEhlqOydTBPdptwaJH3apU6t0cUuJQelovHSY3vaDfTD0W20RyckueQIn15aWy4wdv12POIRLGcwtLNBqBvEDtAFKtwtw6wQit2nsnrvjsqTBvatYLeOzTpLbUMVkasK7aZCB72ERtkFqzuoKsaBufVYXwUPafT5soXUUyACFsiZPlQKlACCPzlpvVES6ecjhYTp7BB5SMQJnWtbiw
)

2021-10-20 11:36:40 : https://prote.ua/index.php?route=api/axapta/addtask
2021-10-20 11:36:41 : Array
(
    [task] => full
    [comment] => Полное обновление
)

2021-10-20 11:37:20 : Array
(
    [username] => axapta
    [password] => JmmYApKoMTavwWh6N0D4MdeT7vhxQMLEWkU0QirIxYh6egTEhlqOydTBPdptwaJH3apU6t0cUuJQelovHSY3vaDfTD0W20RyckueQIn15aWy4wdv12POIRLGcwtLNBqBvEDtAFKtwtw6wQit2nsnrvjsqTBvatYLeOzTpLbUMVkasK7aZCB72ERtkFqzuoKsaBufVYXwUPafT5soXUUyACFsiZPlQKlACCPzlpvVES6ecjhYTp7BB5SMQJnWtbiw
    [key] => JmmYApKoMTavwWh6N0D4MdeT7vhxQMLEWkU0QirIxYh6egTEhlqOydTBPdptwaJH3apU6t0cUuJQelovHSY3vaDfTD0W20RyckueQIn15aWy4wdv12POIRLGcwtLNBqBvEDtAFKtwtw6wQit2nsnrvjsqTBvatYLeOzTpLbUMVkasK7aZCB72ERtkFqzuoKsaBufVYXwUPafT5soXUUyACFsiZPlQKlACCPzlpvVES6ecjhYTp7BB5SMQJnWtbiw
)

2021-10-20 11:37:20 : https://prote.ua/index.php?route=api/axapta/addtask
2021-10-20 11:37:21 : Array
(
    [task] => full
    [comment] => Полное обновление
)

2021-10-20 11:57:58 : Array
(
    [username] => axapta
    [password] => JmmYApKoMTavwWh6N0D4MdeT7vhxQMLEWkU0QirIxYh6egTEhlqOydTBPdptwaJH3apU6t0cUuJQelovHSY3vaDfTD0W20RyckueQIn15aWy4wdv12POIRLGcwtLNBqBvEDtAFKtwtw6wQit2nsnrvjsqTBvatYLeOzTpLbUMVkasK7aZCB72ERtkFqzuoKsaBufVYXwUPafT5soXUUyACFsiZPlQKlACCPzlpvVES6ecjhYTp7BB5SMQJnWtbiw
    [key] => JmmYApKoMTavwWh6N0D4MdeT7vhxQMLEWkU0QirIxYh6egTEhlqOydTBPdptwaJH3apU6t0cUuJQelovHSY3vaDfTD0W20RyckueQIn15aWy4wdv12POIRLGcwtLNBqBvEDtAFKtwtw6wQit2nsnrvjsqTBvatYLeOzTpLbUMVkasK7aZCB72ERtkFqzuoKsaBufVYXwUPafT5soXUUyACFsiZPlQKlACCPzlpvVES6ecjhYTp7BB5SMQJnWtbiw
)

2021-10-20 11:57:58 : https://prote.ua/index.php?route=api/axapta/addtask
2021-10-20 11:57:58 : Array
(
    [task] => full
    [comment] => Полное обновление
)

2021-10-20 11:59:28 : Array
(
    [username] => axapta
    [password] => JmmYApKoMTavwWh6N0D4MdeT7vhxQMLEWkU0QirIxYh6egTEhlqOydTBPdptwaJH3apU6t0cUuJQelovHSY3vaDfTD0W20RyckueQIn15aWy4wdv12POIRLGcwtLNBqBvEDtAFKtwtw6wQit2nsnrvjsqTBvatYLeOzTpLbUMVkasK7aZCB72ERtkFqzuoKsaBufVYXwUPafT5soXUUyACFsiZPlQKlACCPzlpvVES6ecjhYTp7BB5SMQJnWtbiw
    [key] => JmmYApKoMTavwWh6N0D4MdeT7vhxQMLEWkU0QirIxYh6egTEhlqOydTBPdptwaJH3apU6t0cUuJQelovHSY3vaDfTD0W20RyckueQIn15aWy4wdv12POIRLGcwtLNBqBvEDtAFKtwtw6wQit2nsnrvjsqTBvatYLeOzTpLbUMVkasK7aZCB72ERtkFqzuoKsaBufVYXwUPafT5soXUUyACFsiZPlQKlACCPzlpvVES6ecjhYTp7BB5SMQJnWtbiw
)

2021-10-20 11:59:28 : https://prote.ua/index.php?route=api/axapta/addtask
2021-10-20 11:59:28 : Array
(
    [task] => full
    [comment] => Полное обновление
)

2021-10-20 12:00:35 : Array
(
    [username] => axapta
    [password] => JmmYApKoMTavwWh6N0D4MdeT7vhxQMLEWkU0QirIxYh6egTEhlqOydTBPdptwaJH3apU6t0cUuJQelovHSY3vaDfTD0W20RyckueQIn15aWy4wdv12POIRLGcwtLNBqBvEDtAFKtwtw6wQit2nsnrvjsqTBvatYLeOzTpLbUMVkasK7aZCB72ERtkFqzuoKsaBufVYXwUPafT5soXUUyACFsiZPlQKlACCPzlpvVES6ecjhYTp7BB5SMQJnWtbiw
    [key] => JmmYApKoMTavwWh6N0D4MdeT7vhxQMLEWkU0QirIxYh6egTEhlqOydTBPdptwaJH3apU6t0cUuJQelovHSY3vaDfTD0W20RyckueQIn15aWy4wdv12POIRLGcwtLNBqBvEDtAFKtwtw6wQit2nsnrvjsqTBvatYLeOzTpLbUMVkasK7aZCB72ERtkFqzuoKsaBufVYXwUPafT5soXUUyACFsiZPlQKlACCPzlpvVES6ecjhYTp7BB5SMQJnWtbiw
)

2021-10-20 12:00:35 : https://prote.ua/index.php?route=api/axapta/addtask
2021-10-20 12:00:35 : Array
(
    [task] => full
    [comment] => Полное обновление
)

2021-10-20 12:01:32 : Array
(
    [username] => axapta
    [password] => JmmYApKoMTavwWh6N0D4MdeT7vhxQMLEWkU0QirIxYh6egTEhlqOydTBPdptwaJH3apU6t0cUuJQelovHSY3vaDfTD0W20RyckueQIn15aWy4wdv12POIRLGcwtLNBqBvEDtAFKtwtw6wQit2nsnrvjsqTBvatYLeOzTpLbUMVkasK7aZCB72ERtkFqzuoKsaBufVYXwUPafT5soXUUyACFsiZPlQKlACCPzlpvVES6ecjhYTp7BB5SMQJnWtbiw
    [key] => JmmYApKoMTavwWh6N0D4MdeT7vhxQMLEWkU0QirIxYh6egTEhlqOydTBPdptwaJH3apU6t0cUuJQelovHSY3vaDfTD0W20RyckueQIn15aWy4wdv12POIRLGcwtLNBqBvEDtAFKtwtw6wQit2nsnrvjsqTBvatYLeOzTpLbUMVkasK7aZCB72ERtkFqzuoKsaBufVYXwUPafT5soXUUyACFsiZPlQKlACCPzlpvVES6ecjhYTp7BB5SMQJnWtbiw
)

2021-10-20 12:01:32 : https://prote.ua/index.php?route=api/axapta/addtask
2021-10-20 12:01:32 : Array
(
    [task] => full
    [comment] => Полное обновление
)

2021-10-20 12:02:06 : Array
(
    [username] => axapta
    [password] => JmmYApKoMTavwWh6N0D4MdeT7vhxQMLEWkU0QirIxYh6egTEhlqOydTBPdptwaJH3apU6t0cUuJQelovHSY3vaDfTD0W20RyckueQIn15aWy4wdv12POIRLGcwtLNBqBvEDtAFKtwtw6wQit2nsnrvjsqTBvatYLeOzTpLbUMVkasK7aZCB72ERtkFqzuoKsaBufVYXwUPafT5soXUUyACFsiZPlQKlACCPzlpvVES6ecjhYTp7BB5SMQJnWtbiw
    [key] => JmmYApKoMTavwWh6N0D4MdeT7vhxQMLEWkU0QirIxYh6egTEhlqOydTBPdptwaJH3apU6t0cUuJQelovHSY3vaDfTD0W20RyckueQIn15aWy4wdv12POIRLGcwtLNBqBvEDtAFKtwtw6wQit2nsnrvjsqTBvatYLeOzTpLbUMVkasK7aZCB72ERtkFqzuoKsaBufVYXwUPafT5soXUUyACFsiZPlQKlACCPzlpvVES6ecjhYTp7BB5SMQJnWtbiw
)

2021-10-20 12:02:06 : https://prote.ua/index.php?route=api/axapta/addtask
2021-10-20 12:02:06 : Array
(
    [task] => full
    [comment] => Полное обновление
)

2021-10-20 12:04:47 : Array
(
    [username] => axapta
    [password] => JmmYApKoMTavwWh6N0D4MdeT7vhxQMLEWkU0QirIxYh6egTEhlqOydTBPdptwaJH3apU6t0cUuJQelovHSY3vaDfTD0W20RyckueQIn15aWy4wdv12POIRLGcwtLNBqBvEDtAFKtwtw6wQit2nsnrvjsqTBvatYLeOzTpLbUMVkasK7aZCB72ERtkFqzuoKsaBufVYXwUPafT5soXUUyACFsiZPlQKlACCPzlpvVES6ecjhYTp7BB5SMQJnWtbiw
    [key] => JmmYApKoMTavwWh6N0D4MdeT7vhxQMLEWkU0QirIxYh6egTEhlqOydTBPdptwaJH3apU6t0cUuJQelovHSY3vaDfTD0W20RyckueQIn15aWy4wdv12POIRLGcwtLNBqBvEDtAFKtwtw6wQit2nsnrvjsqTBvatYLeOzTpLbUMVkasK7aZCB72ERtkFqzuoKsaBufVYXwUPafT5soXUUyACFsiZPlQKlACCPzlpvVES6ecjhYTp7BB5SMQJnWtbiw
)

2021-10-20 12:04:47 : https://prote.ua/index.php?route=api/axapta/addtask
2021-10-20 12:04:47 : Array
(
    [task] => full
    [comment] => Полное обновление
)

2021-10-20 12:05:04 : Array
(
    [username] => axapta
    [password] => JmmYApKoMTavwWh6N0D4MdeT7vhxQMLEWkU0QirIxYh6egTEhlqOydTBPdptwaJH3apU6t0cUuJQelovHSY3vaDfTD0W20RyckueQIn15aWy4wdv12POIRLGcwtLNBqBvEDtAFKtwtw6wQit2nsnrvjsqTBvatYLeOzTpLbUMVkasK7aZCB72ERtkFqzuoKsaBufVYXwUPafT5soXUUyACFsiZPlQKlACCPzlpvVES6ecjhYTp7BB5SMQJnWtbiw
    [key] => JmmYApKoMTavwWh6N0D4MdeT7vhxQMLEWkU0QirIxYh6egTEhlqOydTBPdptwaJH3apU6t0cUuJQelovHSY3vaDfTD0W20RyckueQIn15aWy4wdv12POIRLGcwtLNBqBvEDtAFKtwtw6wQit2nsnrvjsqTBvatYLeOzTpLbUMVkasK7aZCB72ERtkFqzuoKsaBufVYXwUPafT5soXUUyACFsiZPlQKlACCPzlpvVES6ecjhYTp7BB5SMQJnWtbiw
)

2021-10-20 12:05:04 : https://prote.ua/index.php?route=api/axapta/addtask
2021-10-20 12:05:04 : Array
(
    [task] => full
    [comment] => Полное обновление
)

2021-10-20 12:05:33 : Array
(
    [username] => axapta
    [password] => JmmYApKoMTavwWh6N0D4MdeT7vhxQMLEWkU0QirIxYh6egTEhlqOydTBPdptwaJH3apU6t0cUuJQelovHSY3vaDfTD0W20RyckueQIn15aWy4wdv12POIRLGcwtLNBqBvEDtAFKtwtw6wQit2nsnrvjsqTBvatYLeOzTpLbUMVkasK7aZCB72ERtkFqzuoKsaBufVYXwUPafT5soXUUyACFsiZPlQKlACCPzlpvVES6ecjhYTp7BB5SMQJnWtbiw
    [key] => JmmYApKoMTavwWh6N0D4MdeT7vhxQMLEWkU0QirIxYh6egTEhlqOydTBPdptwaJH3apU6t0cUuJQelovHSY3vaDfTD0W20RyckueQIn15aWy4wdv12POIRLGcwtLNBqBvEDtAFKtwtw6wQit2nsnrvjsqTBvatYLeOzTpLbUMVkasK7aZCB72ERtkFqzuoKsaBufVYXwUPafT5soXUUyACFsiZPlQKlACCPzlpvVES6ecjhYTp7BB5SMQJnWtbiw
)

2021-10-20 12:05:33 : https://prote.ua/index.php?route=api/axapta/addtask
2021-10-20 12:05:33 : Array
(
    [task] => full
    [comment] => Полное обновление
)

2021-10-20 12:06:09 : Array
(
    [username] => axapta
    [password] => JmmYApKoMTavwWh6N0D4MdeT7vhxQMLEWkU0QirIxYh6egTEhlqOydTBPdptwaJH3apU6t0cUuJQelovHSY3vaDfTD0W20RyckueQIn15aWy4wdv12POIRLGcwtLNBqBvEDtAFKtwtw6wQit2nsnrvjsqTBvatYLeOzTpLbUMVkasK7aZCB72ERtkFqzuoKsaBufVYXwUPafT5soXUUyACFsiZPlQKlACCPzlpvVES6ecjhYTp7BB5SMQJnWtbiw
    [key] => JmmYApKoMTavwWh6N0D4MdeT7vhxQMLEWkU0QirIxYh6egTEhlqOydTBPdptwaJH3apU6t0cUuJQelovHSY3vaDfTD0W20RyckueQIn15aWy4wdv12POIRLGcwtLNBqBvEDtAFKtwtw6wQit2nsnrvjsqTBvatYLeOzTpLbUMVkasK7aZCB72ERtkFqzuoKsaBufVYXwUPafT5soXUUyACFsiZPlQKlACCPzlpvVES6ecjhYTp7BB5SMQJnWtbiw
)

2021-10-20 12:06:09 : https://prote.ua/index.php?route=api/axapta/addtask
2021-10-20 12:06:09 : Array
(
    [task] => full
    [comment] => Полное обновление
)

2021-10-20 12:07:40 : Array
(
    [username] => axapta
    [password] => JmmYApKoMTavwWh6N0D4MdeT7vhxQMLEWkU0QirIxYh6egTEhlqOydTBPdptwaJH3apU6t0cUuJQelovHSY3vaDfTD0W20RyckueQIn15aWy4wdv12POIRLGcwtLNBqBvEDtAFKtwtw6wQit2nsnrvjsqTBvatYLeOzTpLbUMVkasK7aZCB72ERtkFqzuoKsaBufVYXwUPafT5soXUUyACFsiZPlQKlACCPzlpvVES6ecjhYTp7BB5SMQJnWtbiw
    [key] => JmmYApKoMTavwWh6N0D4MdeT7vhxQMLEWkU0QirIxYh6egTEhlqOydTBPdptwaJH3apU6t0cUuJQelovHSY3vaDfTD0W20RyckueQIn15aWy4wdv12POIRLGcwtLNBqBvEDtAFKtwtw6wQit2nsnrvjsqTBvatYLeOzTpLbUMVkasK7aZCB72ERtkFqzuoKsaBufVYXwUPafT5soXUUyACFsiZPlQKlACCPzlpvVES6ecjhYTp7BB5SMQJnWtbiw
)

2021-10-20 12:07:40 : https://prote.ua/index.php?route=api/axapta/addtask
2021-10-20 12:07:40 : Array
(
    [task] => full
    [comment] => Полное обновление
)

2021-10-20 12:08:09 : Array
(
    [username] => axapta
    [password] => JmmYApKoMTavwWh6N0D4MdeT7vhxQMLEWkU0QirIxYh6egTEhlqOydTBPdptwaJH3apU6t0cUuJQelovHSY3vaDfTD0W20RyckueQIn15aWy4wdv12POIRLGcwtLNBqBvEDtAFKtwtw6wQit2nsnrvjsqTBvatYLeOzTpLbUMVkasK7aZCB72ERtkFqzuoKsaBufVYXwUPafT5soXUUyACFsiZPlQKlACCPzlpvVES6ecjhYTp7BB5SMQJnWtbiw
    [key] => JmmYApKoMTavwWh6N0D4MdeT7vhxQMLEWkU0QirIxYh6egTEhlqOydTBPdptwaJH3apU6t0cUuJQelovHSY3vaDfTD0W20RyckueQIn15aWy4wdv12POIRLGcwtLNBqBvEDtAFKtwtw6wQit2nsnrvjsqTBvatYLeOzTpLbUMVkasK7aZCB72ERtkFqzuoKsaBufVYXwUPafT5soXUUyACFsiZPlQKlACCPzlpvVES6ecjhYTp7BB5SMQJnWtbiw
)

2021-10-20 12:08:09 : https://prote.ua/index.php?route=api/axapta/addtask
2021-10-20 12:08:09 : Array
(
    [task] => full
    [comment] => Полное обновление
)

2021-10-20 12:09:45 : Array
(
    [username] => axapta
    [password] => JmmYApKoMTavwWh6N0D4MdeT7vhxQMLEWkU0QirIxYh6egTEhlqOydTBPdptwaJH3apU6t0cUuJQelovHSY3vaDfTD0W20RyckueQIn15aWy4wdv12POIRLGcwtLNBqBvEDtAFKtwtw6wQit2nsnrvjsqTBvatYLeOzTpLbUMVkasK7aZCB72ERtkFqzuoKsaBufVYXwUPafT5soXUUyACFsiZPlQKlACCPzlpvVES6ecjhYTp7BB5SMQJnWtbiw
    [key] => JmmYApKoMTavwWh6N0D4MdeT7vhxQMLEWkU0QirIxYh6egTEhlqOydTBPdptwaJH3apU6t0cUuJQelovHSY3vaDfTD0W20RyckueQIn15aWy4wdv12POIRLGcwtLNBqBvEDtAFKtwtw6wQit2nsnrvjsqTBvatYLeOzTpLbUMVkasK7aZCB72ERtkFqzuoKsaBufVYXwUPafT5soXUUyACFsiZPlQKlACCPzlpvVES6ecjhYTp7BB5SMQJnWtbiw
)

2021-10-20 12:09:45 : https://prote.ua/index.php?route=api/axapta/addtask
2021-10-20 12:09:45 : Array
(
    [task] => full
    [comment] => Полное обновление
)

2021-10-20 12:11:39 : Array
(
    [username] => axapta
    [password] => JmmYApKoMTavwWh6N0D4MdeT7vhxQMLEWkU0QirIxYh6egTEhlqOydTBPdptwaJH3apU6t0cUuJQelovHSY3vaDfTD0W20RyckueQIn15aWy4wdv12POIRLGcwtLNBqBvEDtAFKtwtw6wQit2nsnrvjsqTBvatYLeOzTpLbUMVkasK7aZCB72ERtkFqzuoKsaBufVYXwUPafT5soXUUyACFsiZPlQKlACCPzlpvVES6ecjhYTp7BB5SMQJnWtbiw
    [key] => JmmYApKoMTavwWh6N0D4MdeT7vhxQMLEWkU0QirIxYh6egTEhlqOydTBPdptwaJH3apU6t0cUuJQelovHSY3vaDfTD0W20RyckueQIn15aWy4wdv12POIRLGcwtLNBqBvEDtAFKtwtw6wQit2nsnrvjsqTBvatYLeOzTpLbUMVkasK7aZCB72ERtkFqzuoKsaBufVYXwUPafT5soXUUyACFsiZPlQKlACCPzlpvVES6ecjhYTp7BB5SMQJnWtbiw
)

2021-10-20 12:11:39 : https://prote.ua/index.php?route=api/axapta/addtask
2021-10-20 12:11:39 : Array
(
    [task] => full
    [comment] => Полное обновление
)

2021-10-20 12:11:57 : Array
(
    [username] => axapta
    [password] => JmmYApKoMTavwWh6N0D4MdeT7vhxQMLEWkU0QirIxYh6egTEhlqOydTBPdptwaJH3apU6t0cUuJQelovHSY3vaDfTD0W20RyckueQIn15aWy4wdv12POIRLGcwtLNBqBvEDtAFKtwtw6wQit2nsnrvjsqTBvatYLeOzTpLbUMVkasK7aZCB72ERtkFqzuoKsaBufVYXwUPafT5soXUUyACFsiZPlQKlACCPzlpvVES6ecjhYTp7BB5SMQJnWtbiw
    [key] => JmmYApKoMTavwWh6N0D4MdeT7vhxQMLEWkU0QirIxYh6egTEhlqOydTBPdptwaJH3apU6t0cUuJQelovHSY3vaDfTD0W20RyckueQIn15aWy4wdv12POIRLGcwtLNBqBvEDtAFKtwtw6wQit2nsnrvjsqTBvatYLeOzTpLbUMVkasK7aZCB72ERtkFqzuoKsaBufVYXwUPafT5soXUUyACFsiZPlQKlACCPzlpvVES6ecjhYTp7BB5SMQJnWtbiw
)

2021-10-20 12:11:57 : https://prote.ua/index.php?route=api/axapta/addtask
2021-10-20 12:11:57 : Array
(
    [task] => full
    [comment] => Полное обновление
)

2021-10-20 12:12:35 : Array
(
    [username] => axapta
    [password] => JmmYApKoMTavwWh6N0D4MdeT7vhxQMLEWkU0QirIxYh6egTEhlqOydTBPdptwaJH3apU6t0cUuJQelovHSY3vaDfTD0W20RyckueQIn15aWy4wdv12POIRLGcwtLNBqBvEDtAFKtwtw6wQit2nsnrvjsqTBvatYLeOzTpLbUMVkasK7aZCB72ERtkFqzuoKsaBufVYXwUPafT5soXUUyACFsiZPlQKlACCPzlpvVES6ecjhYTp7BB5SMQJnWtbiw
    [key] => JmmYApKoMTavwWh6N0D4MdeT7vhxQMLEWkU0QirIxYh6egTEhlqOydTBPdptwaJH3apU6t0cUuJQelovHSY3vaDfTD0W20RyckueQIn15aWy4wdv12POIRLGcwtLNBqBvEDtAFKtwtw6wQit2nsnrvjsqTBvatYLeOzTpLbUMVkasK7aZCB72ERtkFqzuoKsaBufVYXwUPafT5soXUUyACFsiZPlQKlACCPzlpvVES6ecjhYTp7BB5SMQJnWtbiw
)

2021-10-20 12:12:35 : https://prote.ua/index.php?route=api/axapta/addtask
2021-10-20 12:12:35 : Array
(
    [task] => full
    [comment] => Полное обновление
)

2021-10-20 12:14:35 : Array
(
    [username] => axapta
    [password] => JmmYApKoMTavwWh6N0D4MdeT7vhxQMLEWkU0QirIxYh6egTEhlqOydTBPdptwaJH3apU6t0cUuJQelovHSY3vaDfTD0W20RyckueQIn15aWy4wdv12POIRLGcwtLNBqBvEDtAFKtwtw6wQit2nsnrvjsqTBvatYLeOzTpLbUMVkasK7aZCB72ERtkFqzuoKsaBufVYXwUPafT5soXUUyACFsiZPlQKlACCPzlpvVES6ecjhYTp7BB5SMQJnWtbiw
    [key] => JmmYApKoMTavwWh6N0D4MdeT7vhxQMLEWkU0QirIxYh6egTEhlqOydTBPdptwaJH3apU6t0cUuJQelovHSY3vaDfTD0W20RyckueQIn15aWy4wdv12POIRLGcwtLNBqBvEDtAFKtwtw6wQit2nsnrvjsqTBvatYLeOzTpLbUMVkasK7aZCB72ERtkFqzuoKsaBufVYXwUPafT5soXUUyACFsiZPlQKlACCPzlpvVES6ecjhYTp7BB5SMQJnWtbiw
)

2021-10-20 12:14:35 : https://prote.ua/index.php?route=api/axapta/addtask
2021-10-20 12:14:35 : Array
(
    [task] => full
    [comment] => Полное обновление
)

2021-10-20 12:15:01 : Array
(
    [username] => axapta
    [password] => JmmYApKoMTavwWh6N0D4MdeT7vhxQMLEWkU0QirIxYh6egTEhlqOydTBPdptwaJH3apU6t0cUuJQelovHSY3vaDfTD0W20RyckueQIn15aWy4wdv12POIRLGcwtLNBqBvEDtAFKtwtw6wQit2nsnrvjsqTBvatYLeOzTpLbUMVkasK7aZCB72ERtkFqzuoKsaBufVYXwUPafT5soXUUyACFsiZPlQKlACCPzlpvVES6ecjhYTp7BB5SMQJnWtbiw
    [key] => JmmYApKoMTavwWh6N0D4MdeT7vhxQMLEWkU0QirIxYh6egTEhlqOydTBPdptwaJH3apU6t0cUuJQelovHSY3vaDfTD0W20RyckueQIn15aWy4wdv12POIRLGcwtLNBqBvEDtAFKtwtw6wQit2nsnrvjsqTBvatYLeOzTpLbUMVkasK7aZCB72ERtkFqzuoKsaBufVYXwUPafT5soXUUyACFsiZPlQKlACCPzlpvVES6ecjhYTp7BB5SMQJnWtbiw
)

2021-10-20 12:15:01 : https://prote.ua/index.php?route=api/axapta/addtask
2021-10-20 12:15:02 : Array
(
    [task] => full
    [comment] => Полное обновление
)

2021-10-20 12:15:22 : Array
(
    [username] => axapta
    [password] => JmmYApKoMTavwWh6N0D4MdeT7vhxQMLEWkU0QirIxYh6egTEhlqOydTBPdptwaJH3apU6t0cUuJQelovHSY3vaDfTD0W20RyckueQIn15aWy4wdv12POIRLGcwtLNBqBvEDtAFKtwtw6wQit2nsnrvjsqTBvatYLeOzTpLbUMVkasK7aZCB72ERtkFqzuoKsaBufVYXwUPafT5soXUUyACFsiZPlQKlACCPzlpvVES6ecjhYTp7BB5SMQJnWtbiw
    [key] => JmmYApKoMTavwWh6N0D4MdeT7vhxQMLEWkU0QirIxYh6egTEhlqOydTBPdptwaJH3apU6t0cUuJQelovHSY3vaDfTD0W20RyckueQIn15aWy4wdv12POIRLGcwtLNBqBvEDtAFKtwtw6wQit2nsnrvjsqTBvatYLeOzTpLbUMVkasK7aZCB72ERtkFqzuoKsaBufVYXwUPafT5soXUUyACFsiZPlQKlACCPzlpvVES6ecjhYTp7BB5SMQJnWtbiw
)

2021-10-20 12:15:22 : https://prote.ua/index.php?route=api/axapta/addtask
2021-10-20 12:15:23 : Array
(
    [task] => full
    [comment] => Полное обновление
)

2021-10-20 12:15:57 : Array
(
    [username] => axapta
    [password] => JmmYApKoMTavwWh6N0D4MdeT7vhxQMLEWkU0QirIxYh6egTEhlqOydTBPdptwaJH3apU6t0cUuJQelovHSY3vaDfTD0W20RyckueQIn15aWy4wdv12POIRLGcwtLNBqBvEDtAFKtwtw6wQit2nsnrvjsqTBvatYLeOzTpLbUMVkasK7aZCB72ERtkFqzuoKsaBufVYXwUPafT5soXUUyACFsiZPlQKlACCPzlpvVES6ecjhYTp7BB5SMQJnWtbiw
    [key] => JmmYApKoMTavwWh6N0D4MdeT7vhxQMLEWkU0QirIxYh6egTEhlqOydTBPdptwaJH3apU6t0cUuJQelovHSY3vaDfTD0W20RyckueQIn15aWy4wdv12POIRLGcwtLNBqBvEDtAFKtwtw6wQit2nsnrvjsqTBvatYLeOzTpLbUMVkasK7aZCB72ERtkFqzuoKsaBufVYXwUPafT5soXUUyACFsiZPlQKlACCPzlpvVES6ecjhYTp7BB5SMQJnWtbiw
)

2021-10-20 12:15:57 : https://prote.ua/index.php?route=api/axapta/addtask
2021-10-20 12:15:57 : Array
(
    [task] => full
    [comment] => Полное обновление
)

2021-10-20 12:16:49 : Array
(
    [username] => axapta
    [password] => JmmYApKoMTavwWh6N0D4MdeT7vhxQMLEWkU0QirIxYh6egTEhlqOydTBPdptwaJH3apU6t0cUuJQelovHSY3vaDfTD0W20RyckueQIn15aWy4wdv12POIRLGcwtLNBqBvEDtAFKtwtw6wQit2nsnrvjsqTBvatYLeOzTpLbUMVkasK7aZCB72ERtkFqzuoKsaBufVYXwUPafT5soXUUyACFsiZPlQKlACCPzlpvVES6ecjhYTp7BB5SMQJnWtbiw
    [key] => JmmYApKoMTavwWh6N0D4MdeT7vhxQMLEWkU0QirIxYh6egTEhlqOydTBPdptwaJH3apU6t0cUuJQelovHSY3vaDfTD0W20RyckueQIn15aWy4wdv12POIRLGcwtLNBqBvEDtAFKtwtw6wQit2nsnrvjsqTBvatYLeOzTpLbUMVkasK7aZCB72ERtkFqzuoKsaBufVYXwUPafT5soXUUyACFsiZPlQKlACCPzlpvVES6ecjhYTp7BB5SMQJnWtbiw
)

2021-10-20 12:16:49 : https://prote.ua/index.php?route=api/axapta/addtask
2021-10-20 12:16:49 : Array
(
    [task] => full
    [comment] => Полное обновление
)

2021-10-20 12:18:30 : Array
(
    [username] => axapta
    [password] => JmmYApKoMTavwWh6N0D4MdeT7vhxQMLEWkU0QirIxYh6egTEhlqOydTBPdptwaJH3apU6t0cUuJQelovHSY3vaDfTD0W20RyckueQIn15aWy4wdv12POIRLGcwtLNBqBvEDtAFKtwtw6wQit2nsnrvjsqTBvatYLeOzTpLbUMVkasK7aZCB72ERtkFqzuoKsaBufVYXwUPafT5soXUUyACFsiZPlQKlACCPzlpvVES6ecjhYTp7BB5SMQJnWtbiw
    [key] => JmmYApKoMTavwWh6N0D4MdeT7vhxQMLEWkU0QirIxYh6egTEhlqOydTBPdptwaJH3apU6t0cUuJQelovHSY3vaDfTD0W20RyckueQIn15aWy4wdv12POIRLGcwtLNBqBvEDtAFKtwtw6wQit2nsnrvjsqTBvatYLeOzTpLbUMVkasK7aZCB72ERtkFqzuoKsaBufVYXwUPafT5soXUUyACFsiZPlQKlACCPzlpvVES6ecjhYTp7BB5SMQJnWtbiw
)

2021-10-20 12:18:30 : https://prote.ua/index.php?route=api/axapta/addtask
2021-10-20 12:18:31 : Array
(
    [task] => full
    [comment] => Полное обновление
)

2021-10-20 12:19:33 : Array
(
    [username] => axapta
    [password] => JmmYApKoMTavwWh6N0D4MdeT7vhxQMLEWkU0QirIxYh6egTEhlqOydTBPdptwaJH3apU6t0cUuJQelovHSY3vaDfTD0W20RyckueQIn15aWy4wdv12POIRLGcwtLNBqBvEDtAFKtwtw6wQit2nsnrvjsqTBvatYLeOzTpLbUMVkasK7aZCB72ERtkFqzuoKsaBufVYXwUPafT5soXUUyACFsiZPlQKlACCPzlpvVES6ecjhYTp7BB5SMQJnWtbiw
    [key] => JmmYApKoMTavwWh6N0D4MdeT7vhxQMLEWkU0QirIxYh6egTEhlqOydTBPdptwaJH3apU6t0cUuJQelovHSY3vaDfTD0W20RyckueQIn15aWy4wdv12POIRLGcwtLNBqBvEDtAFKtwtw6wQit2nsnrvjsqTBvatYLeOzTpLbUMVkasK7aZCB72ERtkFqzuoKsaBufVYXwUPafT5soXUUyACFsiZPlQKlACCPzlpvVES6ecjhYTp7BB5SMQJnWtbiw
)

2021-10-20 12:19:33 : https://prote.ua/index.php?route=api/axapta/addtask
2021-10-20 12:19:33 : Array
(
    [task] => full
    [comment] => Полное обновление
)

2021-10-20 12:50:44 : Array
(
    [username] => axapta
    [password] => JmmYApKoMTavwWh6N0D4MdeT7vhxQMLEWkU0QirIxYh6egTEhlqOydTBPdptwaJH3apU6t0cUuJQelovHSY3vaDfTD0W20RyckueQIn15aWy4wdv12POIRLGcwtLNBqBvEDtAFKtwtw6wQit2nsnrvjsqTBvatYLeOzTpLbUMVkasK7aZCB72ERtkFqzuoKsaBufVYXwUPafT5soXUUyACFsiZPlQKlACCPzlpvVES6ecjhYTp7BB5SMQJnWtbiw
    [key] => JmmYApKoMTavwWh6N0D4MdeT7vhxQMLEWkU0QirIxYh6egTEhlqOydTBPdptwaJH3apU6t0cUuJQelovHSY3vaDfTD0W20RyckueQIn15aWy4wdv12POIRLGcwtLNBqBvEDtAFKtwtw6wQit2nsnrvjsqTBvatYLeOzTpLbUMVkasK7aZCB72ERtkFqzuoKsaBufVYXwUPafT5soXUUyACFsiZPlQKlACCPzlpvVES6ecjhYTp7BB5SMQJnWtbiw
)

2021-10-20 12:50:44 : https://prote.ua/index.php?route=api/axapta/addtask
2021-10-20 12:50:44 : Array
(
    [task] => full
    [comment] => Полное обновление
)

2021-10-20 12:51:23 : Array
(
    [username] => axapta
    [password] => JmmYApKoMTavwWh6N0D4MdeT7vhxQMLEWkU0QirIxYh6egTEhlqOydTBPdptwaJH3apU6t0cUuJQelovHSY3vaDfTD0W20RyckueQIn15aWy4wdv12POIRLGcwtLNBqBvEDtAFKtwtw6wQit2nsnrvjsqTBvatYLeOzTpLbUMVkasK7aZCB72ERtkFqzuoKsaBufVYXwUPafT5soXUUyACFsiZPlQKlACCPzlpvVES6ecjhYTp7BB5SMQJnWtbiw
    [key] => JmmYApKoMTavwWh6N0D4MdeT7vhxQMLEWkU0QirIxYh6egTEhlqOydTBPdptwaJH3apU6t0cUuJQelovHSY3vaDfTD0W20RyckueQIn15aWy4wdv12POIRLGcwtLNBqBvEDtAFKtwtw6wQit2nsnrvjsqTBvatYLeOzTpLbUMVkasK7aZCB72ERtkFqzuoKsaBufVYXwUPafT5soXUUyACFsiZPlQKlACCPzlpvVES6ecjhYTp7BB5SMQJnWtbiw
)

2021-10-20 12:51:23 : https://prote.ua/index.php?route=api/axapta/addtask
2021-10-20 12:51:23 : Array
(
    [task] => full
    [comment] => Полное обновление
)

2021-10-20 12:53:59 : Array
(
    [username] => axapta
    [password] => JmmYApKoMTavwWh6N0D4MdeT7vhxQMLEWkU0QirIxYh6egTEhlqOydTBPdptwaJH3apU6t0cUuJQelovHSY3vaDfTD0W20RyckueQIn15aWy4wdv12POIRLGcwtLNBqBvEDtAFKtwtw6wQit2nsnrvjsqTBvatYLeOzTpLbUMVkasK7aZCB72ERtkFqzuoKsaBufVYXwUPafT5soXUUyACFsiZPlQKlACCPzlpvVES6ecjhYTp7BB5SMQJnWtbiw
    [key] => JmmYApKoMTavwWh6N0D4MdeT7vhxQMLEWkU0QirIxYh6egTEhlqOydTBPdptwaJH3apU6t0cUuJQelovHSY3vaDfTD0W20RyckueQIn15aWy4wdv12POIRLGcwtLNBqBvEDtAFKtwtw6wQit2nsnrvjsqTBvatYLeOzTpLbUMVkasK7aZCB72ERtkFqzuoKsaBufVYXwUPafT5soXUUyACFsiZPlQKlACCPzlpvVES6ecjhYTp7BB5SMQJnWtbiw
)

2021-10-20 12:53:59 : https://prote.ua/index.php?route=api/axapta/addtask
2021-10-20 12:53:59 : Array
(
    [task] => full
    [comment] => Полное обновление
)

2021-10-20 12:54:37 : Array
(
    [username] => axapta
    [password] => JmmYApKoMTavwWh6N0D4MdeT7vhxQMLEWkU0QirIxYh6egTEhlqOydTBPdptwaJH3apU6t0cUuJQelovHSY3vaDfTD0W20RyckueQIn15aWy4wdv12POIRLGcwtLNBqBvEDtAFKtwtw6wQit2nsnrvjsqTBvatYLeOzTpLbUMVkasK7aZCB72ERtkFqzuoKsaBufVYXwUPafT5soXUUyACFsiZPlQKlACCPzlpvVES6ecjhYTp7BB5SMQJnWtbiw
    [key] => JmmYApKoMTavwWh6N0D4MdeT7vhxQMLEWkU0QirIxYh6egTEhlqOydTBPdptwaJH3apU6t0cUuJQelovHSY3vaDfTD0W20RyckueQIn15aWy4wdv12POIRLGcwtLNBqBvEDtAFKtwtw6wQit2nsnrvjsqTBvatYLeOzTpLbUMVkasK7aZCB72ERtkFqzuoKsaBufVYXwUPafT5soXUUyACFsiZPlQKlACCPzlpvVES6ecjhYTp7BB5SMQJnWtbiw
)

2021-10-20 12:54:37 : https://prote.ua/index.php?route=api/axapta/addtask
2021-10-20 12:54:37 : Array
(
    [task] => full
    [comment] => Полное обновление
)

2021-10-20 12:55:23 : Array
(
    [username] => axapta
    [password] => JmmYApKoMTavwWh6N0D4MdeT7vhxQMLEWkU0QirIxYh6egTEhlqOydTBPdptwaJH3apU6t0cUuJQelovHSY3vaDfTD0W20RyckueQIn15aWy4wdv12POIRLGcwtLNBqBvEDtAFKtwtw6wQit2nsnrvjsqTBvatYLeOzTpLbUMVkasK7aZCB72ERtkFqzuoKsaBufVYXwUPafT5soXUUyACFsiZPlQKlACCPzlpvVES6ecjhYTp7BB5SMQJnWtbiw
    [key] => JmmYApKoMTavwWh6N0D4MdeT7vhxQMLEWkU0QirIxYh6egTEhlqOydTBPdptwaJH3apU6t0cUuJQelovHSY3vaDfTD0W20RyckueQIn15aWy4wdv12POIRLGcwtLNBqBvEDtAFKtwtw6wQit2nsnrvjsqTBvatYLeOzTpLbUMVkasK7aZCB72ERtkFqzuoKsaBufVYXwUPafT5soXUUyACFsiZPlQKlACCPzlpvVES6ecjhYTp7BB5SMQJnWtbiw
)

2021-10-20 12:55:23 : https://prote.ua/index.php?route=api/axapta/addtask
2021-10-20 12:55:23 : Array
(
    [task] => full
    [comment] => Полное обновление
)

2021-10-20 12:57:11 : Array
(
    [username] => axapta
    [password] => JmmYApKoMTavwWh6N0D4MdeT7vhxQMLEWkU0QirIxYh6egTEhlqOydTBPdptwaJH3apU6t0cUuJQelovHSY3vaDfTD0W20RyckueQIn15aWy4wdv12POIRLGcwtLNBqBvEDtAFKtwtw6wQit2nsnrvjsqTBvatYLeOzTpLbUMVkasK7aZCB72ERtkFqzuoKsaBufVYXwUPafT5soXUUyACFsiZPlQKlACCPzlpvVES6ecjhYTp7BB5SMQJnWtbiw
    [key] => JmmYApKoMTavwWh6N0D4MdeT7vhxQMLEWkU0QirIxYh6egTEhlqOydTBPdptwaJH3apU6t0cUuJQelovHSY3vaDfTD0W20RyckueQIn15aWy4wdv12POIRLGcwtLNBqBvEDtAFKtwtw6wQit2nsnrvjsqTBvatYLeOzTpLbUMVkasK7aZCB72ERtkFqzuoKsaBufVYXwUPafT5soXUUyACFsiZPlQKlACCPzlpvVES6ecjhYTp7BB5SMQJnWtbiw
)

2021-10-20 12:57:11 : https://prote.ua/index.php?route=api/axapta/addtask
2021-10-20 12:57:11 : Array
(
    [task] => full
    [comment] => Полное обновление
)

2021-10-20 12:57:57 : Array
(
    [username] => axapta
    [password] => JmmYApKoMTavwWh6N0D4MdeT7vhxQMLEWkU0QirIxYh6egTEhlqOydTBPdptwaJH3apU6t0cUuJQelovHSY3vaDfTD0W20RyckueQIn15aWy4wdv12POIRLGcwtLNBqBvEDtAFKtwtw6wQit2nsnrvjsqTBvatYLeOzTpLbUMVkasK7aZCB72ERtkFqzuoKsaBufVYXwUPafT5soXUUyACFsiZPlQKlACCPzlpvVES6ecjhYTp7BB5SMQJnWtbiw
    [key] => JmmYApKoMTavwWh6N0D4MdeT7vhxQMLEWkU0QirIxYh6egTEhlqOydTBPdptwaJH3apU6t0cUuJQelovHSY3vaDfTD0W20RyckueQIn15aWy4wdv12POIRLGcwtLNBqBvEDtAFKtwtw6wQit2nsnrvjsqTBvatYLeOzTpLbUMVkasK7aZCB72ERtkFqzuoKsaBufVYXwUPafT5soXUUyACFsiZPlQKlACCPzlpvVES6ecjhYTp7BB5SMQJnWtbiw
)

2021-10-20 12:57:57 : https://prote.ua/index.php?route=api/axapta/addtask
2021-10-20 12:57:58 : Array
(
    [task] => full
    [comment] => Полное обновление
)

2021-10-20 12:58:27 : Array
(
    [username] => axapta
    [password] => JmmYApKoMTavwWh6N0D4MdeT7vhxQMLEWkU0QirIxYh6egTEhlqOydTBPdptwaJH3apU6t0cUuJQelovHSY3vaDfTD0W20RyckueQIn15aWy4wdv12POIRLGcwtLNBqBvEDtAFKtwtw6wQit2nsnrvjsqTBvatYLeOzTpLbUMVkasK7aZCB72ERtkFqzuoKsaBufVYXwUPafT5soXUUyACFsiZPlQKlACCPzlpvVES6ecjhYTp7BB5SMQJnWtbiw
    [key] => JmmYApKoMTavwWh6N0D4MdeT7vhxQMLEWkU0QirIxYh6egTEhlqOydTBPdptwaJH3apU6t0cUuJQelovHSY3vaDfTD0W20RyckueQIn15aWy4wdv12POIRLGcwtLNBqBvEDtAFKtwtw6wQit2nsnrvjsqTBvatYLeOzTpLbUMVkasK7aZCB72ERtkFqzuoKsaBufVYXwUPafT5soXUUyACFsiZPlQKlACCPzlpvVES6ecjhYTp7BB5SMQJnWtbiw
)

2021-10-20 12:58:27 : https://prote.ua/index.php?route=api/axapta/addtask
2021-10-20 12:58:28 : Array
(
    [task] => full
    [comment] => Полное обновление
)

2021-10-20 12:59:15 : Array
(
    [username] => axapta
    [password] => JmmYApKoMTavwWh6N0D4MdeT7vhxQMLEWkU0QirIxYh6egTEhlqOydTBPdptwaJH3apU6t0cUuJQelovHSY3vaDfTD0W20RyckueQIn15aWy4wdv12POIRLGcwtLNBqBvEDtAFKtwtw6wQit2nsnrvjsqTBvatYLeOzTpLbUMVkasK7aZCB72ERtkFqzuoKsaBufVYXwUPafT5soXUUyACFsiZPlQKlACCPzlpvVES6ecjhYTp7BB5SMQJnWtbiw
    [key] => JmmYApKoMTavwWh6N0D4MdeT7vhxQMLEWkU0QirIxYh6egTEhlqOydTBPdptwaJH3apU6t0cUuJQelovHSY3vaDfTD0W20RyckueQIn15aWy4wdv12POIRLGcwtLNBqBvEDtAFKtwtw6wQit2nsnrvjsqTBvatYLeOzTpLbUMVkasK7aZCB72ERtkFqzuoKsaBufVYXwUPafT5soXUUyACFsiZPlQKlACCPzlpvVES6ecjhYTp7BB5SMQJnWtbiw
)

2021-10-20 12:59:15 : https://prote.ua/index.php?route=api/axapta/addtask
2021-10-20 12:59:15 : Array
(
    [task] => full
    [comment] => Полное обновление
)

2021-10-20 13:00:02 : Array
(
    [username] => axapta
    [password] => JmmYApKoMTavwWh6N0D4MdeT7vhxQMLEWkU0QirIxYh6egTEhlqOydTBPdptwaJH3apU6t0cUuJQelovHSY3vaDfTD0W20RyckueQIn15aWy4wdv12POIRLGcwtLNBqBvEDtAFKtwtw6wQit2nsnrvjsqTBvatYLeOzTpLbUMVkasK7aZCB72ERtkFqzuoKsaBufVYXwUPafT5soXUUyACFsiZPlQKlACCPzlpvVES6ecjhYTp7BB5SMQJnWtbiw
    [key] => JmmYApKoMTavwWh6N0D4MdeT7vhxQMLEWkU0QirIxYh6egTEhlqOydTBPdptwaJH3apU6t0cUuJQelovHSY3vaDfTD0W20RyckueQIn15aWy4wdv12POIRLGcwtLNBqBvEDtAFKtwtw6wQit2nsnrvjsqTBvatYLeOzTpLbUMVkasK7aZCB72ERtkFqzuoKsaBufVYXwUPafT5soXUUyACFsiZPlQKlACCPzlpvVES6ecjhYTp7BB5SMQJnWtbiw
)

2021-10-20 13:00:02 : https://prote.ua/index.php?route=api/axapta/addtask
2021-10-20 13:00:02 : Array
(
    [task] => full
    [comment] => Полное обновление
)

2021-10-20 13:00:07 : Array
(
    [username] => axapta
    [password] => JmmYApKoMTavwWh6N0D4MdeT7vhxQMLEWkU0QirIxYh6egTEhlqOydTBPdptwaJH3apU6t0cUuJQelovHSY3vaDfTD0W20RyckueQIn15aWy4wdv12POIRLGcwtLNBqBvEDtAFKtwtw6wQit2nsnrvjsqTBvatYLeOzTpLbUMVkasK7aZCB72ERtkFqzuoKsaBufVYXwUPafT5soXUUyACFsiZPlQKlACCPzlpvVES6ecjhYTp7BB5SMQJnWtbiw
    [key] => JmmYApKoMTavwWh6N0D4MdeT7vhxQMLEWkU0QirIxYh6egTEhlqOydTBPdptwaJH3apU6t0cUuJQelovHSY3vaDfTD0W20RyckueQIn15aWy4wdv12POIRLGcwtLNBqBvEDtAFKtwtw6wQit2nsnrvjsqTBvatYLeOzTpLbUMVkasK7aZCB72ERtkFqzuoKsaBufVYXwUPafT5soXUUyACFsiZPlQKlACCPzlpvVES6ecjhYTp7BB5SMQJnWtbiw
)

2021-10-20 13:00:07 : https://prote.ua/index.php?route=api/axapta/addtask
2021-10-20 13:00:08 : Array
(
    [task] => full
    [comment] => Полное обновление
)

2021-10-20 13:00:42 : Array
(
    [username] => axapta
    [password] => JmmYApKoMTavwWh6N0D4MdeT7vhxQMLEWkU0QirIxYh6egTEhlqOydTBPdptwaJH3apU6t0cUuJQelovHSY3vaDfTD0W20RyckueQIn15aWy4wdv12POIRLGcwtLNBqBvEDtAFKtwtw6wQit2nsnrvjsqTBvatYLeOzTpLbUMVkasK7aZCB72ERtkFqzuoKsaBufVYXwUPafT5soXUUyACFsiZPlQKlACCPzlpvVES6ecjhYTp7BB5SMQJnWtbiw
    [key] => JmmYApKoMTavwWh6N0D4MdeT7vhxQMLEWkU0QirIxYh6egTEhlqOydTBPdptwaJH3apU6t0cUuJQelovHSY3vaDfTD0W20RyckueQIn15aWy4wdv12POIRLGcwtLNBqBvEDtAFKtwtw6wQit2nsnrvjsqTBvatYLeOzTpLbUMVkasK7aZCB72ERtkFqzuoKsaBufVYXwUPafT5soXUUyACFsiZPlQKlACCPzlpvVES6ecjhYTp7BB5SMQJnWtbiw
)

2021-10-20 13:00:42 : https://prote.ua/index.php?route=api/axapta/addtask
2021-10-20 13:00:42 : Array
(
    [task] => full
    [comment] => Полное обновление
)

2021-10-20 13:03:27 : Array
(
    [username] => axapta
    [password] => JmmYApKoMTavwWh6N0D4MdeT7vhxQMLEWkU0QirIxYh6egTEhlqOydTBPdptwaJH3apU6t0cUuJQelovHSY3vaDfTD0W20RyckueQIn15aWy4wdv12POIRLGcwtLNBqBvEDtAFKtwtw6wQit2nsnrvjsqTBvatYLeOzTpLbUMVkasK7aZCB72ERtkFqzuoKsaBufVYXwUPafT5soXUUyACFsiZPlQKlACCPzlpvVES6ecjhYTp7BB5SMQJnWtbiw
    [key] => JmmYApKoMTavwWh6N0D4MdeT7vhxQMLEWkU0QirIxYh6egTEhlqOydTBPdptwaJH3apU6t0cUuJQelovHSY3vaDfTD0W20RyckueQIn15aWy4wdv12POIRLGcwtLNBqBvEDtAFKtwtw6wQit2nsnrvjsqTBvatYLeOzTpLbUMVkasK7aZCB72ERtkFqzuoKsaBufVYXwUPafT5soXUUyACFsiZPlQKlACCPzlpvVES6ecjhYTp7BB5SMQJnWtbiw
)

2021-10-20 13:03:27 : https://prote.ua/index.php?route=api/axapta/addtask
2021-10-20 13:03:27 : Array
(
    [task] => full
    [comment] => Полное обновление
)

2021-10-20 13:04:36 : Array
(
    [username] => axapta
    [password] => JmmYApKoMTavwWh6N0D4MdeT7vhxQMLEWkU0QirIxYh6egTEhlqOydTBPdptwaJH3apU6t0cUuJQelovHSY3vaDfTD0W20RyckueQIn15aWy4wdv12POIRLGcwtLNBqBvEDtAFKtwtw6wQit2nsnrvjsqTBvatYLeOzTpLbUMVkasK7aZCB72ERtkFqzuoKsaBufVYXwUPafT5soXUUyACFsiZPlQKlACCPzlpvVES6ecjhYTp7BB5SMQJnWtbiw
    [key] => JmmYApKoMTavwWh6N0D4MdeT7vhxQMLEWkU0QirIxYh6egTEhlqOydTBPdptwaJH3apU6t0cUuJQelovHSY3vaDfTD0W20RyckueQIn15aWy4wdv12POIRLGcwtLNBqBvEDtAFKtwtw6wQit2nsnrvjsqTBvatYLeOzTpLbUMVkasK7aZCB72ERtkFqzuoKsaBufVYXwUPafT5soXUUyACFsiZPlQKlACCPzlpvVES6ecjhYTp7BB5SMQJnWtbiw
)

2021-10-20 13:04:36 : https://prote.ua/index.php?route=api/axapta/addtask
2021-10-20 13:04:37 : Array
(
    [task] => full
    [comment] => Полное обновление
)

2021-10-20 13:06:16 : Array
(
    [username] => axapta
    [password] => JmmYApKoMTavwWh6N0D4MdeT7vhxQMLEWkU0QirIxYh6egTEhlqOydTBPdptwaJH3apU6t0cUuJQelovHSY3vaDfTD0W20RyckueQIn15aWy4wdv12POIRLGcwtLNBqBvEDtAFKtwtw6wQit2nsnrvjsqTBvatYLeOzTpLbUMVkasK7aZCB72ERtkFqzuoKsaBufVYXwUPafT5soXUUyACFsiZPlQKlACCPzlpvVES6ecjhYTp7BB5SMQJnWtbiw
    [key] => JmmYApKoMTavwWh6N0D4MdeT7vhxQMLEWkU0QirIxYh6egTEhlqOydTBPdptwaJH3apU6t0cUuJQelovHSY3vaDfTD0W20RyckueQIn15aWy4wdv12POIRLGcwtLNBqBvEDtAFKtwtw6wQit2nsnrvjsqTBvatYLeOzTpLbUMVkasK7aZCB72ERtkFqzuoKsaBufVYXwUPafT5soXUUyACFsiZPlQKlACCPzlpvVES6ecjhYTp7BB5SMQJnWtbiw
)

2021-10-20 13:06:16 : https://prote.ua/index.php?route=api/axapta/addtask
2021-10-20 13:06:17 : Array
(
    [task] => full
    [comment] => Полное обновление
)

2021-10-20 13:07:08 : Array
(
    [username] => axapta
    [password] => JmmYApKoMTavwWh6N0D4MdeT7vhxQMLEWkU0QirIxYh6egTEhlqOydTBPdptwaJH3apU6t0cUuJQelovHSY3vaDfTD0W20RyckueQIn15aWy4wdv12POIRLGcwtLNBqBvEDtAFKtwtw6wQit2nsnrvjsqTBvatYLeOzTpLbUMVkasK7aZCB72ERtkFqzuoKsaBufVYXwUPafT5soXUUyACFsiZPlQKlACCPzlpvVES6ecjhYTp7BB5SMQJnWtbiw
    [key] => JmmYApKoMTavwWh6N0D4MdeT7vhxQMLEWkU0QirIxYh6egTEhlqOydTBPdptwaJH3apU6t0cUuJQelovHSY3vaDfTD0W20RyckueQIn15aWy4wdv12POIRLGcwtLNBqBvEDtAFKtwtw6wQit2nsnrvjsqTBvatYLeOzTpLbUMVkasK7aZCB72ERtkFqzuoKsaBufVYXwUPafT5soXUUyACFsiZPlQKlACCPzlpvVES6ecjhYTp7BB5SMQJnWtbiw
)

2021-10-20 13:07:08 : https://prote.ua/index.php?route=api/axapta/addtask
2021-10-20 13:07:08 : Array
(
    [task] => full
    [comment] => Полное обновление
)

2021-10-20 13:07:41 : Array
(
    [username] => axapta
    [password] => JmmYApKoMTavwWh6N0D4MdeT7vhxQMLEWkU0QirIxYh6egTEhlqOydTBPdptwaJH3apU6t0cUuJQelovHSY3vaDfTD0W20RyckueQIn15aWy4wdv12POIRLGcwtLNBqBvEDtAFKtwtw6wQit2nsnrvjsqTBvatYLeOzTpLbUMVkasK7aZCB72ERtkFqzuoKsaBufVYXwUPafT5soXUUyACFsiZPlQKlACCPzlpvVES6ecjhYTp7BB5SMQJnWtbiw
    [key] => JmmYApKoMTavwWh6N0D4MdeT7vhxQMLEWkU0QirIxYh6egTEhlqOydTBPdptwaJH3apU6t0cUuJQelovHSY3vaDfTD0W20RyckueQIn15aWy4wdv12POIRLGcwtLNBqBvEDtAFKtwtw6wQit2nsnrvjsqTBvatYLeOzTpLbUMVkasK7aZCB72ERtkFqzuoKsaBufVYXwUPafT5soXUUyACFsiZPlQKlACCPzlpvVES6ecjhYTp7BB5SMQJnWtbiw
)

2021-10-20 13:07:41 : https://prote.ua/index.php?route=api/axapta/addtask
2021-10-20 13:07:41 : Array
(
    [task] => full
    [comment] => Полное обновление
)

2021-10-20 13:07:54 : Array
(
    [username] => axapta
    [password] => JmmYApKoMTavwWh6N0D4MdeT7vhxQMLEWkU0QirIxYh6egTEhlqOydTBPdptwaJH3apU6t0cUuJQelovHSY3vaDfTD0W20RyckueQIn15aWy4wdv12POIRLGcwtLNBqBvEDtAFKtwtw6wQit2nsnrvjsqTBvatYLeOzTpLbUMVkasK7aZCB72ERtkFqzuoKsaBufVYXwUPafT5soXUUyACFsiZPlQKlACCPzlpvVES6ecjhYTp7BB5SMQJnWtbiw
    [key] => JmmYApKoMTavwWh6N0D4MdeT7vhxQMLEWkU0QirIxYh6egTEhlqOydTBPdptwaJH3apU6t0cUuJQelovHSY3vaDfTD0W20RyckueQIn15aWy4wdv12POIRLGcwtLNBqBvEDtAFKtwtw6wQit2nsnrvjsqTBvatYLeOzTpLbUMVkasK7aZCB72ERtkFqzuoKsaBufVYXwUPafT5soXUUyACFsiZPlQKlACCPzlpvVES6ecjhYTp7BB5SMQJnWtbiw
)

2021-10-20 13:07:54 : https://prote.ua/index.php?route=api/axapta/addtask
2021-10-20 13:07:54 : Array
(
    [task] => full
    [comment] => Полное обновление
)

2021-10-20 13:09:26 : Array
(
    [username] => axapta
    [password] => JmmYApKoMTavwWh6N0D4MdeT7vhxQMLEWkU0QirIxYh6egTEhlqOydTBPdptwaJH3apU6t0cUuJQelovHSY3vaDfTD0W20RyckueQIn15aWy4wdv12POIRLGcwtLNBqBvEDtAFKtwtw6wQit2nsnrvjsqTBvatYLeOzTpLbUMVkasK7aZCB72ERtkFqzuoKsaBufVYXwUPafT5soXUUyACFsiZPlQKlACCPzlpvVES6ecjhYTp7BB5SMQJnWtbiw
    [key] => JmmYApKoMTavwWh6N0D4MdeT7vhxQMLEWkU0QirIxYh6egTEhlqOydTBPdptwaJH3apU6t0cUuJQelovHSY3vaDfTD0W20RyckueQIn15aWy4wdv12POIRLGcwtLNBqBvEDtAFKtwtw6wQit2nsnrvjsqTBvatYLeOzTpLbUMVkasK7aZCB72ERtkFqzuoKsaBufVYXwUPafT5soXUUyACFsiZPlQKlACCPzlpvVES6ecjhYTp7BB5SMQJnWtbiw
)

2021-10-20 13:09:26 : https://prote.ua/index.php?route=api/axapta/addtask
2021-10-20 13:09:27 : Array
(
    [task] => full
    [comment] => Полное обновление
)

2021-10-20 13:09:45 : Array
(
    [username] => axapta
    [password] => JmmYApKoMTavwWh6N0D4MdeT7vhxQMLEWkU0QirIxYh6egTEhlqOydTBPdptwaJH3apU6t0cUuJQelovHSY3vaDfTD0W20RyckueQIn15aWy4wdv12POIRLGcwtLNBqBvEDtAFKtwtw6wQit2nsnrvjsqTBvatYLeOzTpLbUMVkasK7aZCB72ERtkFqzuoKsaBufVYXwUPafT5soXUUyACFsiZPlQKlACCPzlpvVES6ecjhYTp7BB5SMQJnWtbiw
    [key] => JmmYApKoMTavwWh6N0D4MdeT7vhxQMLEWkU0QirIxYh6egTEhlqOydTBPdptwaJH3apU6t0cUuJQelovHSY3vaDfTD0W20RyckueQIn15aWy4wdv12POIRLGcwtLNBqBvEDtAFKtwtw6wQit2nsnrvjsqTBvatYLeOzTpLbUMVkasK7aZCB72ERtkFqzuoKsaBufVYXwUPafT5soXUUyACFsiZPlQKlACCPzlpvVES6ecjhYTp7BB5SMQJnWtbiw
)

2021-10-20 13:09:45 : https://prote.ua/index.php?route=api/axapta/addtask
2021-10-20 13:09:45 : Array
(
    [task] => full
    [comment] => Полное обновление
)

2021-10-20 13:13:07 : Array
(
    [username] => axapta
    [password] => JmmYApKoMTavwWh6N0D4MdeT7vhxQMLEWkU0QirIxYh6egTEhlqOydTBPdptwaJH3apU6t0cUuJQelovHSY3vaDfTD0W20RyckueQIn15aWy4wdv12POIRLGcwtLNBqBvEDtAFKtwtw6wQit2nsnrvjsqTBvatYLeOzTpLbUMVkasK7aZCB72ERtkFqzuoKsaBufVYXwUPafT5soXUUyACFsiZPlQKlACCPzlpvVES6ecjhYTp7BB5SMQJnWtbiw
    [key] => JmmYApKoMTavwWh6N0D4MdeT7vhxQMLEWkU0QirIxYh6egTEhlqOydTBPdptwaJH3apU6t0cUuJQelovHSY3vaDfTD0W20RyckueQIn15aWy4wdv12POIRLGcwtLNBqBvEDtAFKtwtw6wQit2nsnrvjsqTBvatYLeOzTpLbUMVkasK7aZCB72ERtkFqzuoKsaBufVYXwUPafT5soXUUyACFsiZPlQKlACCPzlpvVES6ecjhYTp7BB5SMQJnWtbiw
)

2021-10-20 13:13:07 : https://prote.ua/index.php?route=api/axapta/addtask
2021-10-20 13:13:07 : Array
(
    [task] => full
    [comment] => Полное обновление
)

2021-10-20 13:13:39 : Array
(
    [username] => axapta
    [password] => JmmYApKoMTavwWh6N0D4MdeT7vhxQMLEWkU0QirIxYh6egTEhlqOydTBPdptwaJH3apU6t0cUuJQelovHSY3vaDfTD0W20RyckueQIn15aWy4wdv12POIRLGcwtLNBqBvEDtAFKtwtw6wQit2nsnrvjsqTBvatYLeOzTpLbUMVkasK7aZCB72ERtkFqzuoKsaBufVYXwUPafT5soXUUyACFsiZPlQKlACCPzlpvVES6ecjhYTp7BB5SMQJnWtbiw
    [key] => JmmYApKoMTavwWh6N0D4MdeT7vhxQMLEWkU0QirIxYh6egTEhlqOydTBPdptwaJH3apU6t0cUuJQelovHSY3vaDfTD0W20RyckueQIn15aWy4wdv12POIRLGcwtLNBqBvEDtAFKtwtw6wQit2nsnrvjsqTBvatYLeOzTpLbUMVkasK7aZCB72ERtkFqzuoKsaBufVYXwUPafT5soXUUyACFsiZPlQKlACCPzlpvVES6ecjhYTp7BB5SMQJnWtbiw
)

2021-10-20 13:13:39 : https://prote.ua/index.php?route=api/axapta/addtask
2021-10-20 13:13:40 : Array
(
    [task] => full
    [comment] => Полное обновление
)

2021-10-20 13:15:09 : Array
(
    [username] => axapta
    [password] => JmmYApKoMTavwWh6N0D4MdeT7vhxQMLEWkU0QirIxYh6egTEhlqOydTBPdptwaJH3apU6t0cUuJQelovHSY3vaDfTD0W20RyckueQIn15aWy4wdv12POIRLGcwtLNBqBvEDtAFKtwtw6wQit2nsnrvjsqTBvatYLeOzTpLbUMVkasK7aZCB72ERtkFqzuoKsaBufVYXwUPafT5soXUUyACFsiZPlQKlACCPzlpvVES6ecjhYTp7BB5SMQJnWtbiw
    [key] => JmmYApKoMTavwWh6N0D4MdeT7vhxQMLEWkU0QirIxYh6egTEhlqOydTBPdptwaJH3apU6t0cUuJQelovHSY3vaDfTD0W20RyckueQIn15aWy4wdv12POIRLGcwtLNBqBvEDtAFKtwtw6wQit2nsnrvjsqTBvatYLeOzTpLbUMVkasK7aZCB72ERtkFqzuoKsaBufVYXwUPafT5soXUUyACFsiZPlQKlACCPzlpvVES6ecjhYTp7BB5SMQJnWtbiw
)

2021-10-20 13:15:09 : https://prote.ua/index.php?route=api/axapta/addtask
2021-10-20 13:15:09 : Array
(
    [task] => full
    [comment] => Полное обновление
)

2021-10-20 13:15:44 : Array
(
    [username] => axapta
    [password] => JmmYApKoMTavwWh6N0D4MdeT7vhxQMLEWkU0QirIxYh6egTEhlqOydTBPdptwaJH3apU6t0cUuJQelovHSY3vaDfTD0W20RyckueQIn15aWy4wdv12POIRLGcwtLNBqBvEDtAFKtwtw6wQit2nsnrvjsqTBvatYLeOzTpLbUMVkasK7aZCB72ERtkFqzuoKsaBufVYXwUPafT5soXUUyACFsiZPlQKlACCPzlpvVES6ecjhYTp7BB5SMQJnWtbiw
    [key] => JmmYApKoMTavwWh6N0D4MdeT7vhxQMLEWkU0QirIxYh6egTEhlqOydTBPdptwaJH3apU6t0cUuJQelovHSY3vaDfTD0W20RyckueQIn15aWy4wdv12POIRLGcwtLNBqBvEDtAFKtwtw6wQit2nsnrvjsqTBvatYLeOzTpLbUMVkasK7aZCB72ERtkFqzuoKsaBufVYXwUPafT5soXUUyACFsiZPlQKlACCPzlpvVES6ecjhYTp7BB5SMQJnWtbiw
)

2021-10-20 13:15:44 : https://prote.ua/index.php?route=api/axapta/addtask
2021-10-20 13:15:45 : Array
(
    [task] => full
    [comment] => Полное обновление
)

2021-10-20 13:20:15 : Array
(
    [username] => axapta
    [password] => JmmYApKoMTavwWh6N0D4MdeT7vhxQMLEWkU0QirIxYh6egTEhlqOydTBPdptwaJH3apU6t0cUuJQelovHSY3vaDfTD0W20RyckueQIn15aWy4wdv12POIRLGcwtLNBqBvEDtAFKtwtw6wQit2nsnrvjsqTBvatYLeOzTpLbUMVkasK7aZCB72ERtkFqzuoKsaBufVYXwUPafT5soXUUyACFsiZPlQKlACCPzlpvVES6ecjhYTp7BB5SMQJnWtbiw
    [key] => JmmYApKoMTavwWh6N0D4MdeT7vhxQMLEWkU0QirIxYh6egTEhlqOydTBPdptwaJH3apU6t0cUuJQelovHSY3vaDfTD0W20RyckueQIn15aWy4wdv12POIRLGcwtLNBqBvEDtAFKtwtw6wQit2nsnrvjsqTBvatYLeOzTpLbUMVkasK7aZCB72ERtkFqzuoKsaBufVYXwUPafT5soXUUyACFsiZPlQKlACCPzlpvVES6ecjhYTp7BB5SMQJnWtbiw
)

2021-10-20 13:20:15 : https://prote.ua/index.php?route=api/axapta/addtask
2021-10-20 13:20:15 : Array
(
    [task] => full
    [comment] => Полное обновление
)

2021-10-20 13:22:59 : Array
(
    [username] => axapta
    [password] => JmmYApKoMTavwWh6N0D4MdeT7vhxQMLEWkU0QirIxYh6egTEhlqOydTBPdptwaJH3apU6t0cUuJQelovHSY3vaDfTD0W20RyckueQIn15aWy4wdv12POIRLGcwtLNBqBvEDtAFKtwtw6wQit2nsnrvjsqTBvatYLeOzTpLbUMVkasK7aZCB72ERtkFqzuoKsaBufVYXwUPafT5soXUUyACFsiZPlQKlACCPzlpvVES6ecjhYTp7BB5SMQJnWtbiw
    [key] => JmmYApKoMTavwWh6N0D4MdeT7vhxQMLEWkU0QirIxYh6egTEhlqOydTBPdptwaJH3apU6t0cUuJQelovHSY3vaDfTD0W20RyckueQIn15aWy4wdv12POIRLGcwtLNBqBvEDtAFKtwtw6wQit2nsnrvjsqTBvatYLeOzTpLbUMVkasK7aZCB72ERtkFqzuoKsaBufVYXwUPafT5soXUUyACFsiZPlQKlACCPzlpvVES6ecjhYTp7BB5SMQJnWtbiw
)

2021-10-20 13:22:59 : https://prote.ua/index.php?route=api/axapta/addtask
2021-10-20 13:22:59 : Array
(
    [task] => full
    [comment] => Полное обновление
)

